This is pdfTeX, Version 3.1415926-2.6-1.40.14 (TeX Live 2014/dev) (format=pdflatex 2014.11.6)  30 APR 2015 19:56
entering extended mode
 restricted \write18 enabled.
 %&-line parsing enabled.
**examples_cocoqa.tex -recorder
(./examples_cocoqa.tex
LaTeX2e <2011/06/27>
Babel <3.9h> and hyphenation patterns for 2 languages loaded.
(/usr/share/texlive/texmf-dist/tex/latex/base/article.cls
Document Class: article 2007/10/19 v1.4h Standard LaTeX document class
(/usr/share/texlive/texmf-dist/tex/latex/base/size10.clo
File: size10.clo 2007/10/19 v1.4h Standard LaTeX file (size option)
)
\c@part=\count79
\c@section=\count80
\c@subsection=\count81
\c@subsubsection=\count82
\c@paragraph=\count83
\c@subparagraph=\count84
\c@figure=\count85
\c@table=\count86
\abovecaptionskip=\skip41
\belowcaptionskip=\skip42
\bibindent=\dimen102
)
(/usr/share/texlive/texmf-dist/tex/latex/psnfss/times.sty
Package: times 2005/04/12 PSNFSS-v9.2a (SPQR) 
)
(/usr/share/texlive/texmf-dist/tex/latex/graphics/graphicx.sty
Package: graphicx 1999/02/16 v1.0f Enhanced LaTeX Graphics (DPC,SPQR)

(/usr/share/texlive/texmf-dist/tex/latex/graphics/keyval.sty
Package: keyval 1999/03/16 v1.13 key=value parser (DPC)
\KV@toks@=\toks14
)
(/usr/share/texlive/texmf-dist/tex/latex/graphics/graphics.sty
Package: graphics 2009/02/05 v1.0o Standard LaTeX Graphics (DPC,SPQR)

(/usr/share/texlive/texmf-dist/tex/latex/graphics/trig.sty
Package: trig 1999/03/16 v1.09 sin cos tan (DPC)
)
(/usr/share/texlive/texmf-dist/tex/latex/latexconfig/graphics.cfg
File: graphics.cfg 2010/04/23 v1.9 graphics configuration of TeX Live
)
Package graphics Info: Driver file: pdftex.def on input line 91.

(./pdftex.def
File: pdftex.def 2011/05/27 v0.06d Graphics/color for pdfTeX
 (/usr/share/texlive/texmf-dist/tex/generic/oberdiek/infwarerr.sty
Package: infwarerr 2010/04/08 v1.3 Providing info/warning/error messages (HO)
) (/usr/share/texlive/texmf-dist/tex/generic/oberdiek/ltxcmds.sty
Package: ltxcmds 2011/11/09 v1.22 LaTeX kernel commands for general use (HO)
)
\Gread@gobject=\count87
))
\Gin@req@height=\dimen103
\Gin@req@width=\dimen104
)
(./natbib.sty
Package: natbib 2009/07/16 8.31 (PWD, AO)
\bibhang=\skip43
\bibsep=\skip44
LaTeX Info: Redefining \cite on input line 694.
\c@NAT@ctr=\count88
) (./algorithm.sty
Package: algorithm 

Document Style `algorithm' - floating environment
(/usr/share/texlive/texmf-dist/tex/latex/float/float.sty
Package: float 2001/11/08 v1.3d Float enhancements (AL)
\c@float@type=\count89
\float@exts=\toks15
\float@box=\box26
\@float@everytoks=\toks16
\@floatcapt=\box27
)
(/usr/share/texlive/texmf-dist/tex/latex/base/ifthen.sty
Package: ifthen 2001/05/26 v1.1c Standard LaTeX ifthen package (DPC)
)
\@float@every@algorithm=\toks17
\c@algorithm=\count90
) (./algorithmic.sty
Package: algorithmic 

Document Style `algorithmic' - environment
(/usr/share/texlive/texmf-dist/tex/latex/tools/calc.sty
Package: calc 2007/08/22 v4.3 Infix arithmetic (KKT,FJ)
\calc@Acount=\count91
\calc@Bcount=\count92
\calc@Adimen=\dimen105
\calc@Bdimen=\dimen106
\calc@Askip=\skip45
\calc@Bskip=\skip46
LaTeX Info: Redefining \setlength on input line 76.
LaTeX Info: Redefining \addtolength on input line 77.
\calc@Ccount=\count93
\calc@Cskip=\skip47
)
\c@ALC@line=\count94
\c@ALC@rem=\count95
\ALC@tlm=\skip48
) (./qtree.sty
Package: 2008/12/12 v.3.1bQtree: tree-drawing for linguistics
Package: qtree 2008/12/12 v.3.1bQtree: tree-drawing for linguistics
(./pict2e.sty
Package: pict2e 2006/03/05 v0.2s Improved picture commands (HjG,RN)
Package pict2e Info: Driver file: pdftex.def on input line 99.
Package pict2e Info: Driver file for pict2e: p2e-pdftex.def on input line 101.
 (./p2e-pdftex.def
File: p2e-pdftex.def 2004/06/25 v0.1r Driver-dependant file (RN,HjG)
)
\pIIe@GRAPH=\toks18
)
\c@treecount=\count96
\c@branchcount=\count97
\parentbox=\box28
\treebox=\box29
\treeboxone=\box30
\treeboxtwo=\box31
\treeboxthree=\box32
\treeboxfour=\box33
\treeboxfive=\box34
\treeboxsix=\box35
\treeboxseven=\box36
\treeboxeight=\box37
\treeboxnine=\box38
\treeboxten=\box39
\treeboxeleven=\box40
\treeboxtwelve=\box41
\treeboxthirteen=\box42
\treeboxfourteen=\box43
\treeboxfifteen=\box44
\treeboxsixteen=\box45
\treeboxseventeen=\box46
\treeboxeighteen=\box47
\treeboxnineteen=\box48
\treeboxtwenty=\box49
\treeoffsetone=\skip49
\treeoffsettwo=\skip50
\treeoffsetthree=\skip51
\treeoffsetfour=\skip52
\treeoffsetfive=\skip53
\treeoffsetsix=\skip54
\treeoffsetseven=\skip55
\treeoffseteight=\skip56
\treeoffsetnine=\skip57
\treeoffsetten=\skip58
\treeoffseteleven=\skip59
\treeoffsettwelve=\skip60
\treeoffsetthirteen=\skip61
\treeoffsetfourteen=\skip62
\treeoffsetfifteen=\skip63
\treeoffsetsixteen=\skip64
\treeoffsetseventeen=\skip65
\treeoffseteighteen=\skip66
\treeoffsetnineteen=\skip67
\treeoffsettwenty=\skip68
\treeshiftone=\skip69
\treeshifttwo=\skip70
\treeshiftthree=\skip71
\treeshiftfour=\skip72
\treeshiftfive=\skip73
\treeshiftsix=\skip74
\treeshiftseven=\skip75
\treeshifteight=\skip76
\treeshiftnine=\skip77
\treeshiftten=\skip78
\treeshifteleven=\skip79
\treeshifttwelve=\skip80
\treeshiftthirteen=\skip81
\treeshiftfourteen=\skip82
\treeshiftfifteen=\skip83
\treeshiftsixteen=\skip84
\treeshiftseventeen=\skip85
\treeshifteighteen=\skip86
\treeshiftnineteen=\skip87
\treeshifttwenty=\skip88
\treewidthone=\skip89
\treewidthtwo=\skip90
\treewidththree=\skip91
\treewidthfour=\skip92
\treewidthfive=\skip93
\treewidthsix=\skip94
\treewidthseven=\skip95
\treewidtheight=\skip96
\treewidthnine=\skip97
\treewidthten=\skip98
\treewidtheleven=\skip99
\treewidthtwelve=\skip100
\treewidththirteen=\skip101
\treewidthfourteen=\skip102
\treewidthfifteen=\skip103
\treewidthsixteen=\skip104
\treewidthseventeen=\skip105
\treewidtheighteen=\skip106
\treewidthnineteen=\skip107
\treewidthtwenty=\skip108
\daughteroffsetone=\skip109
\daughteroffsettwo=\skip110
\daughteroffsetthree=\skip111
\daughteroffsetfour=\skip112
\branchwidthone=\skip113
\branchwidthtwo=\skip114
\branchwidththree=\skip115
\branchwidthfour=\skip116
\parentoffset=\skip117
\treeoffset=\skip118
\daughteroffset=\skip119
\branchwidth=\skip120
\parentwidth=\skip121
\treewidth=\skip122
\qta=\toks19
\qtb=\toks20
\nbranches=\count98
\qroofx=\count99
\qroofy=\count100
\@qrscratchbox=\box50
) (./ulem.sty
\UL@box=\box51
\UL@hyphenbox=\box52
\UL@skip=\skip123
\UL@hook=\toks21
\UL@height=\dimen107
\UL@pe=\count101
\UL@pixel=\dimen108
\ULC@box=\box53
Package: ulem 2012/05/18
\ULdepth=\dimen109
)
(/usr/share/texlive/texmf-dist/tex/latex/pgf/frontendlayer/tikz.sty
(/usr/share/texlive/texmf-dist/tex/latex/pgf/basiclayer/pgf.sty
(/usr/share/texlive/texmf-dist/tex/latex/pgf/utilities/pgfrcs.sty
(/usr/share/texlive/texmf-dist/tex/generic/pgf/utilities/pgfutil-common.tex
\pgfutil@everybye=\toks22
)
(/usr/share/texlive/texmf-dist/tex/generic/pgf/utilities/pgfutil-latex.def
\pgfutil@abb=\box54

(/usr/share/texlive/texmf-dist/tex/latex/ms/everyshi.sty
Package: everyshi 2001/05/15 v3.00 EveryShipout Package (MS)
))
(/usr/share/texlive/texmf-dist/tex/generic/pgf/utilities/pgfrcs.code.tex
Package: pgfrcs 2010/10/25 v2.10 (rcs-revision 1.24)
))
Package: pgf 2008/01/15 v2.10 (rcs-revision 1.12)

(/usr/share/texlive/texmf-dist/tex/latex/pgf/basiclayer/pgfcore.sty
(/usr/share/texlive/texmf-dist/tex/latex/pgf/systemlayer/pgfsys.sty
(/usr/share/texlive/texmf-dist/tex/generic/pgf/systemlayer/pgfsys.code.tex
Package: pgfsys 2010/06/30 v2.10 (rcs-revision 1.37)

(/usr/share/texlive/texmf-dist/tex/generic/pgf/utilities/pgfkeys.code.tex
\pgfkeys@pathtoks=\toks23
\pgfkeys@temptoks=\toks24

(/usr/share/texlive/texmf-dist/tex/generic/pgf/utilities/pgfkeysfiltered.code.t
ex
\pgfkeys@tmptoks=\toks25
))
\pgf@x=\dimen110
\pgf@y=\dimen111
\pgf@xa=\dimen112
\pgf@ya=\dimen113
\pgf@xb=\dimen114
\pgf@yb=\dimen115
\pgf@xc=\dimen116
\pgf@yc=\dimen117
\w@pgf@writea=\write3
\r@pgf@reada=\read1
\c@pgf@counta=\count102
\c@pgf@countb=\count103
\c@pgf@countc=\count104
\c@pgf@countd=\count105
 (/usr/share/texlive/texmf-dist/tex/generic/pgf/systemlayer/pgf.cfg
File: pgf.cfg 2008/05/14  (rcs-revision 1.7)
)
Package pgfsys Info: Driver file for pgf: pgfsys-pdftex.def on input line 900.

(/usr/share/texlive/texmf-dist/tex/generic/pgf/systemlayer/pgfsys-pdftex.def
File: pgfsys-pdftex.def 2009/05/22  (rcs-revision 1.26)

(/usr/share/texlive/texmf-dist/tex/generic/pgf/systemlayer/pgfsys-common-pdf.de
f
File: pgfsys-common-pdf.def 2008/05/19  (rcs-revision 1.10)
)))
(/usr/share/texlive/texmf-dist/tex/generic/pgf/systemlayer/pgfsyssoftpath.code.
tex
File: pgfsyssoftpath.code.tex 2008/07/18  (rcs-revision 1.7)
\pgfsyssoftpath@smallbuffer@items=\count106
\pgfsyssoftpath@bigbuffer@items=\count107
)
(/usr/share/texlive/texmf-dist/tex/generic/pgf/systemlayer/pgfsysprotocol.code.
tex
File: pgfsysprotocol.code.tex 2006/10/16  (rcs-revision 1.4)
)) (/usr/share/texlive/texmf-dist/tex/latex/xcolor/xcolor.sty
Package: xcolor 2007/01/21 v2.11 LaTeX color extensions (UK)

(/usr/share/texlive/texmf-dist/tex/latex/latexconfig/color.cfg
File: color.cfg 2007/01/18 v1.5 color configuration of teTeX/TeXLive
)
Package xcolor Info: Driver file: pdftex.def on input line 225.
Package xcolor Info: Model `cmy' substituted by `cmy0' on input line 1337.
Package xcolor Info: Model `hsb' substituted by `rgb' on input line 1341.
Package xcolor Info: Model `RGB' extended on input line 1353.
Package xcolor Info: Model `HTML' substituted by `rgb' on input line 1355.
Package xcolor Info: Model `Hsb' substituted by `hsb' on input line 1356.
Package xcolor Info: Model `tHsb' substituted by `hsb' on input line 1357.
Package xcolor Info: Model `HSB' substituted by `hsb' on input line 1358.
Package xcolor Info: Model `Gray' substituted by `gray' on input line 1359.
Package xcolor Info: Model `wave' substituted by `hsb' on input line 1360.
)
(/usr/share/texlive/texmf-dist/tex/generic/pgf/basiclayer/pgfcore.code.tex
Package: pgfcore 2010/04/11 v2.10 (rcs-revision 1.7)

(/usr/share/texlive/texmf-dist/tex/generic/pgf/math/pgfmath.code.tex
(/usr/share/texlive/texmf-dist/tex/generic/pgf/math/pgfmathcalc.code.tex
(/usr/share/texlive/texmf-dist/tex/generic/pgf/math/pgfmathutil.code.tex)
(/usr/share/texlive/texmf-dist/tex/generic/pgf/math/pgfmathparser.code.tex
\pgfmath@dimen=\dimen118
\pgfmath@count=\count108
\pgfmath@box=\box55
\pgfmath@toks=\toks26
\pgfmath@stack@operand=\toks27
\pgfmath@stack@operation=\toks28
)
(/usr/share/texlive/texmf-dist/tex/generic/pgf/math/pgfmathfunctions.code.tex
(/usr/share/texlive/texmf-dist/tex/generic/pgf/math/pgfmathfunctions.basic.code
.tex)
(/usr/share/texlive/texmf-dist/tex/generic/pgf/math/pgfmathfunctions.trigonomet
ric.code.tex)
(/usr/share/texlive/texmf-dist/tex/generic/pgf/math/pgfmathfunctions.random.cod
e.tex)
(/usr/share/texlive/texmf-dist/tex/generic/pgf/math/pgfmathfunctions.comparison
.code.tex)
(/usr/share/texlive/texmf-dist/tex/generic/pgf/math/pgfmathfunctions.base.code.
tex)
(/usr/share/texlive/texmf-dist/tex/generic/pgf/math/pgfmathfunctions.round.code
.tex)
(/usr/share/texlive/texmf-dist/tex/generic/pgf/math/pgfmathfunctions.misc.code.
tex)))
(/usr/share/texlive/texmf-dist/tex/generic/pgf/math/pgfmathfloat.code.tex
\c@pgfmathroundto@lastzeros=\count109
))
(/usr/share/texlive/texmf-dist/tex/generic/pgf/basiclayer/pgfcorepoints.code.te
x
File: pgfcorepoints.code.tex 2010/04/09  (rcs-revision 1.20)
\pgf@picminx=\dimen119
\pgf@picmaxx=\dimen120
\pgf@picminy=\dimen121
\pgf@picmaxy=\dimen122
\pgf@pathminx=\dimen123
\pgf@pathmaxx=\dimen124
\pgf@pathminy=\dimen125
\pgf@pathmaxy=\dimen126
\pgf@xx=\dimen127
\pgf@xy=\dimen128
\pgf@yx=\dimen129
\pgf@yy=\dimen130
\pgf@zx=\dimen131
\pgf@zy=\dimen132
)
(/usr/share/texlive/texmf-dist/tex/generic/pgf/basiclayer/pgfcorepathconstruct.
code.tex
File: pgfcorepathconstruct.code.tex 2010/08/03  (rcs-revision 1.24)
\pgf@path@lastx=\dimen133
\pgf@path@lasty=\dimen134
)
(/usr/share/texlive/texmf-dist/tex/generic/pgf/basiclayer/pgfcorepathusage.code
.tex
File: pgfcorepathusage.code.tex 2008/04/22  (rcs-revision 1.12)
\pgf@shorten@end@additional=\dimen135
\pgf@shorten@start@additional=\dimen136
)
(/usr/share/texlive/texmf-dist/tex/generic/pgf/basiclayer/pgfcorescopes.code.te
x
File: pgfcorescopes.code.tex 2010/09/08  (rcs-revision 1.34)
\pgfpic=\box56
\pgf@hbox=\box57
\pgf@layerbox@main=\box58
\pgf@picture@serial@count=\count110
)
(/usr/share/texlive/texmf-dist/tex/generic/pgf/basiclayer/pgfcoregraphicstate.c
ode.tex
File: pgfcoregraphicstate.code.tex 2008/04/22  (rcs-revision 1.9)
\pgflinewidth=\dimen137
)
(/usr/share/texlive/texmf-dist/tex/generic/pgf/basiclayer/pgfcoretransformation
s.code.tex
File: pgfcoretransformations.code.tex 2009/06/10  (rcs-revision 1.11)
\pgf@pt@x=\dimen138
\pgf@pt@y=\dimen139
\pgf@pt@temp=\dimen140
)
(/usr/share/texlive/texmf-dist/tex/generic/pgf/basiclayer/pgfcorequick.code.tex
File: pgfcorequick.code.tex 2008/10/09  (rcs-revision 1.3)
)
(/usr/share/texlive/texmf-dist/tex/generic/pgf/basiclayer/pgfcoreobjects.code.t
ex
File: pgfcoreobjects.code.tex 2006/10/11  (rcs-revision 1.2)
)
(/usr/share/texlive/texmf-dist/tex/generic/pgf/basiclayer/pgfcorepathprocessing
.code.tex
File: pgfcorepathprocessing.code.tex 2008/10/09  (rcs-revision 1.8)
)
(/usr/share/texlive/texmf-dist/tex/generic/pgf/basiclayer/pgfcorearrows.code.te
x
File: pgfcorearrows.code.tex 2008/04/23  (rcs-revision 1.11)
)
(/usr/share/texlive/texmf-dist/tex/generic/pgf/basiclayer/pgfcoreshade.code.tex
File: pgfcoreshade.code.tex 2008/11/23  (rcs-revision 1.13)
\pgf@max=\dimen141
\pgf@sys@shading@range@num=\count111
)
(/usr/share/texlive/texmf-dist/tex/generic/pgf/basiclayer/pgfcoreimage.code.tex
File: pgfcoreimage.code.tex 2010/03/25  (rcs-revision 1.16)

(/usr/share/texlive/texmf-dist/tex/generic/pgf/basiclayer/pgfcoreexternal.code.
tex
File: pgfcoreexternal.code.tex 2010/09/01  (rcs-revision 1.17)
\pgfexternal@startupbox=\box59
))
(/usr/share/texlive/texmf-dist/tex/generic/pgf/basiclayer/pgfcorelayers.code.te
x
File: pgfcorelayers.code.tex 2010/08/27  (rcs-revision 1.2)
)
(/usr/share/texlive/texmf-dist/tex/generic/pgf/basiclayer/pgfcoretransparency.c
ode.tex
File: pgfcoretransparency.code.tex 2008/01/17  (rcs-revision 1.2)
)
(/usr/share/texlive/texmf-dist/tex/generic/pgf/basiclayer/pgfcorepatterns.code.
tex
File: pgfcorepatterns.code.tex 2009/07/02  (rcs-revision 1.3)
)))
(/usr/share/texlive/texmf-dist/tex/generic/pgf/modules/pgfmoduleshapes.code.tex
File: pgfmoduleshapes.code.tex 2010/09/09  (rcs-revision 1.13)
\pgfnodeparttextbox=\box60
) (/usr/share/texlive/texmf-dist/tex/generic/pgf/modules/pgfmoduleplot.code.tex
File: pgfmoduleplot.code.tex 2010/10/22  (rcs-revision 1.8)
)
(/usr/share/texlive/texmf-dist/tex/latex/pgf/compatibility/pgfcomp-version-0-65
.sty
Package: pgfcomp-version-0-65 2007/07/03 v2.10 (rcs-revision 1.7)
\pgf@nodesepstart=\dimen142
\pgf@nodesepend=\dimen143
)
(/usr/share/texlive/texmf-dist/tex/latex/pgf/compatibility/pgfcomp-version-1-18
.sty
Package: pgfcomp-version-1-18 2007/07/23 v2.10 (rcs-revision 1.1)
)) (/usr/share/texlive/texmf-dist/tex/latex/pgf/utilities/pgffor.sty
(/usr/share/texlive/texmf-dist/tex/latex/pgf/utilities/pgfkeys.sty
(/usr/share/texlive/texmf-dist/tex/generic/pgf/utilities/pgfkeys.code.tex))
(/usr/share/texlive/texmf-dist/tex/generic/pgf/utilities/pgffor.code.tex
Package: pgffor 2010/03/23 v2.10 (rcs-revision 1.18)
\pgffor@iter=\dimen144
\pgffor@skip=\dimen145
\pgffor@stack=\toks29
\pgffor@toks=\toks30
))
(/usr/share/texlive/texmf-dist/tex/generic/pgf/frontendlayer/tikz/tikz.code.tex
Package: tikz 2010/10/13 v2.10 (rcs-revision 1.76)

(/usr/share/texlive/texmf-dist/tex/generic/pgf/libraries/pgflibraryplothandlers
.code.tex
File: pgflibraryplothandlers.code.tex 2010/05/31 v2.10 (rcs-revision 1.15)
\pgf@plot@mark@count=\count112
\pgfplotmarksize=\dimen146
)
\tikz@lastx=\dimen147
\tikz@lasty=\dimen148
\tikz@lastxsaved=\dimen149
\tikz@lastysaved=\dimen150
\tikzleveldistance=\dimen151
\tikzsiblingdistance=\dimen152
\tikz@figbox=\box61
\tikz@tempbox=\box62
\tikztreelevel=\count113
\tikznumberofchildren=\count114
\tikznumberofcurrentchild=\count115
\tikz@fig@count=\count116

(/usr/share/texlive/texmf-dist/tex/generic/pgf/modules/pgfmodulematrix.code.tex
File: pgfmodulematrix.code.tex 2010/08/24  (rcs-revision 1.4)
\pgfmatrixcurrentrow=\count117
\pgfmatrixcurrentcolumn=\count118
\pgf@matrix@numberofcolumns=\count119
)
\tikz@expandcount=\count120

(/usr/share/texlive/texmf-dist/tex/generic/pgf/frontendlayer/tikz/libraries/tik
zlibrarytopaths.code.tex
File: tikzlibrarytopaths.code.tex 2008/06/17 v2.10 (rcs-revision 1.2)
)))
(/usr/share/texlive/texmf-dist/tex/generic/pgf/frontendlayer/tikz/libraries/tik
zlibrarymatrix.code.tex
File: tikzlibrarymatrix.code.tex 2008/06/18 v2.10 (rcs-revision 1.2)
)
(/usr/share/texlive/texmf-dist/tex/generic/pgf/frontendlayer/tikz/libraries/tik
zlibrarychains.code.tex
File: tikzlibrarychains.code.tex 2008/02/27 v2.10 (rcs-revision 1.5)

(/usr/share/texlive/texmf-dist/tex/generic/pgf/frontendlayer/tikz/libraries/tik
zlibrarypositioning.code.tex
File: tikzlibrarypositioning.code.tex 2008/10/06 v2.10 (rcs-revision 1.7)
))
(/usr/share/texlive/texmf-dist/tex/generic/pgf/frontendlayer/tikz/libraries/tik
zlibrarydecorations.pathreplacing.code.tex
(/usr/share/texlive/texmf-dist/tex/generic/pgf/frontendlayer/tikz/libraries/tik
zlibrarydecorations.code.tex
(/usr/share/texlive/texmf-dist/tex/generic/pgf/modules/pgfmoduledecorations.cod
e.tex
\pgfdecoratedcompleteddistance=\dimen153
\pgfdecoratedremainingdistance=\dimen154
\pgfdecoratedinputsegmentcompleteddistance=\dimen155
\pgfdecoratedinputsegmentremainingdistance=\dimen156
\pgf@decorate@distancetomove=\dimen157
\pgf@decorate@repeatstate=\count121
\pgfdecorationsegmentamplitude=\dimen158
\pgfdecorationsegmentlength=\dimen159
)
\tikz@lib@dec@box=\box63
)
(/usr/share/texlive/texmf-dist/tex/generic/pgf/libraries/decorations/pgflibrary
decorations.pathreplacing.code.tex))
(/usr/share/texlive/texmf-dist/tex/generic/pgf/frontendlayer/tikz/libraries/tik
zlibraryarrows.code.tex
File: tikzlibraryarrows.code.tex 2008/01/09 v2.10 (rcs-revision 1.1)

(/usr/share/texlive/texmf-dist/tex/generic/pgf/libraries/pgflibraryarrows.code.
tex
File: pgflibraryarrows.code.tex 2008/10/27 v2.10 (rcs-revision 1.9)
\arrowsize=\dimen160
)) (/usr/share/texlive/texmf-dist/tex/latex/hyperref/hyperref.sty
Package: hyperref 2012/11/06 v6.83m Hypertext links for LaTeX

(/usr/share/texlive/texmf-dist/tex/generic/oberdiek/hobsub-hyperref.sty
Package: hobsub-hyperref 2012/05/28 v1.13 Bundle oberdiek, subset hyperref (HO)


(/usr/share/texlive/texmf-dist/tex/generic/oberdiek/hobsub-generic.sty
Package: hobsub-generic 2012/05/28 v1.13 Bundle oberdiek, subset generic (HO)
Package: hobsub 2012/05/28 v1.13 Construct package bundles (HO)
Package hobsub Info: Skipping package `infwarerr' (already loaded).
Package hobsub Info: Skipping package `ltxcmds' (already loaded).
Package: ifluatex 2010/03/01 v1.3 Provides the ifluatex switch (HO)
Package ifluatex Info: LuaTeX not detected.
Package: ifvtex 2010/03/01 v1.5 Detect VTeX and its facilities (HO)
Package ifvtex Info: VTeX not detected.
Package: intcalc 2007/09/27 v1.1 Expandable calculations with integers (HO)
Package: ifpdf 2011/01/30 v2.3 Provides the ifpdf switch (HO)
Package ifpdf Info: pdfTeX in PDF mode is detected.
Package: etexcmds 2011/02/16 v1.5 Avoid name clashes with e-TeX commands (HO)
Package etexcmds Info: Could not find \expanded.
(etexcmds)             That can mean that you are not using pdfTeX 1.50 or
(etexcmds)             that some package has redefined \expanded.
(etexcmds)             In the latter case, load this package earlier.
Package: kvsetkeys 2012/04/25 v1.16 Key value parser (HO)
Package: kvdefinekeys 2011/04/07 v1.3 Define keys (HO)
Package: pdftexcmds 2011/11/29 v0.20 Utility functions of pdfTeX for LuaTeX (HO
)
Package pdftexcmds Info: LuaTeX not detected.
Package pdftexcmds Info: \pdf@primitive is available.
Package pdftexcmds Info: \pdf@ifprimitive is available.
Package pdftexcmds Info: \pdfdraftmode found.
Package: pdfescape 2011/11/25 v1.13 Implements pdfTeX's escape features (HO)
Package: bigintcalc 2012/04/08 v1.3 Expandable calculations on big integers (HO
)
Package: bitset 2011/01/30 v1.1 Handle bit-vector datatype (HO)
Package: uniquecounter 2011/01/30 v1.2 Provide unlimited unique counter (HO)
)
Package hobsub Info: Skipping package `hobsub' (already loaded).
Package: letltxmacro 2010/09/02 v1.4 Let assignment for LaTeX macros (HO)
Package: hopatch 2012/05/28 v1.2 Wrapper for package hooks (HO)
Package: xcolor-patch 2011/01/30 xcolor patch
Package: atveryend 2011/06/30 v1.8 Hooks at the very end of document (HO)
Package atveryend Info: \enddocument detected (standard20110627).
Package: atbegshi 2011/10/05 v1.16 At begin shipout hook (HO)
Package: refcount 2011/10/16 v3.4 Data extraction from label references (HO)
Package: hycolor 2011/01/30 v1.7 Color options for hyperref/bookmark (HO)
)
(/usr/share/texlive/texmf-dist/tex/generic/ifxetex/ifxetex.sty
Package: ifxetex 2010/09/12 v0.6 Provides ifxetex conditional
)
(/usr/share/texlive/texmf-dist/tex/latex/oberdiek/auxhook.sty
Package: auxhook 2011/03/04 v1.3 Hooks for auxiliary files (HO)
)
(/usr/share/texlive/texmf-dist/tex/latex/oberdiek/kvoptions.sty
Package: kvoptions 2011/06/30 v3.11 Key value format for package options (HO)
)
\@linkdim=\dimen161
\Hy@linkcounter=\count122
\Hy@pagecounter=\count123

(/usr/share/texlive/texmf-dist/tex/latex/hyperref/pd1enc.def
File: pd1enc.def 2012/11/06 v6.83m Hyperref: PDFDocEncoding definition (HO)
)
\Hy@SavedSpaceFactor=\count124

(/usr/share/texlive/texmf-dist/tex/latex/latexconfig/hyperref.cfg
File: hyperref.cfg 2002/06/06 v1.2 hyperref configuration of TeXLive
)
Package hyperref Info: Hyper figures OFF on input line 4443.
Package hyperref Info: Link nesting OFF on input line 4448.
Package hyperref Info: Hyper index ON on input line 4451.
Package hyperref Info: Plain pages OFF on input line 4458.
Package hyperref Info: Backreferencing OFF on input line 4463.
Package hyperref Info: Implicit mode ON; LaTeX internals redefined.
Package hyperref Info: Bookmarks ON on input line 4688.
\c@Hy@tempcnt=\count125

(/usr/share/texlive/texmf-dist/tex/latex/url/url.sty
\Urlmuskip=\muskip10
Package: url 2006/04/12  ver 3.3  Verb mode for urls, etc.
)
LaTeX Info: Redefining \url on input line 5041.
\XeTeXLinkMargin=\dimen162
\Fld@menulength=\count126
\Field@Width=\dimen163
\Fld@charsize=\dimen164
Package hyperref Info: Hyper figures OFF on input line 6295.
Package hyperref Info: Link nesting OFF on input line 6300.
Package hyperref Info: Hyper index ON on input line 6303.
Package hyperref Info: backreferencing OFF on input line 6310.
Package hyperref Info: Link coloring OFF on input line 6315.
Package hyperref Info: Link coloring with OCG OFF on input line 6320.
Package hyperref Info: PDF/A mode OFF on input line 6325.
LaTeX Info: Redefining \ref on input line 6365.
LaTeX Info: Redefining \pageref on input line 6369.
\Hy@abspage=\count127
\c@Item=\count128
\c@Hfootnote=\count129
)

Package hyperref Message: Driver (autodetected): hpdftex.

(/usr/share/texlive/texmf-dist/tex/latex/hyperref/hpdftex.def
File: hpdftex.def 2012/11/06 v6.83m Hyperref driver for pdfTeX
\Fld@listcount=\count130
\c@bookmark@seq@number=\count131

(/usr/share/texlive/texmf-dist/tex/latex/oberdiek/rerunfilecheck.sty
Package: rerunfilecheck 2011/04/15 v1.7 Rerun checks for auxiliary files (HO)
Package uniquecounter Info: New unique counter `rerunfilecheck' on input line 2
82.
)
\Hy@SectionHShift=\skip124
)
(./icml2015.sty
Package: icml2015 2015/01/01 v2.0 ICML Conference Style File
 (./fancyhdr.sty
\fancy@headwidth=\skip125
\f@ncyO@elh=\skip126
\f@ncyO@erh=\skip127
\f@ncyO@olh=\skip128
\f@ncyO@orh=\skip129
\f@ncyO@elf=\skip130
\f@ncyO@erf=\skip131
\f@ncyO@olf=\skip132
\f@ncyO@orf=\skip133
)
(/usr/share/texlive/texmf-dist/tex/latex/eso-pic/eso-pic.sty
Package: eso-pic 2013/10/06 v2.0d eso-pic (RN)
)
Package hyperref Info: Option `colorlinks' set `true' on input line 98.
\titrun=\box64
\captionbox=\box65
\captionboxwid=\dimen165
\icmlrulerbox=\box66
\icmlrulercount=\count132
\icmlruleroffset=\dimen166
\cv@lineheight=\dimen167
\cv@boxheight=\dimen168
\cv@tmpbox=\box67
\cv@refno=\count133
\cv@tot=\count134
\cv@tmpc@=\count135
\cv@tmpc=\count136
)
(./examples_cocoqa.aux)
\openout1 = `examples_cocoqa.aux'.

LaTeX Font Info:    Checking defaults for OML/cmm/m/it on input line 62.
LaTeX Font Info:    ... okay on input line 62.
LaTeX Font Info:    Checking defaults for T1/cmr/m/n on input line 62.
LaTeX Font Info:    ... okay on input line 62.
LaTeX Font Info:    Checking defaults for OT1/cmr/m/n on input line 62.
LaTeX Font Info:    ... okay on input line 62.
LaTeX Font Info:    Checking defaults for OMS/cmsy/m/n on input line 62.
LaTeX Font Info:    ... okay on input line 62.
LaTeX Font Info:    Checking defaults for OMX/cmex/m/n on input line 62.
LaTeX Font Info:    ... okay on input line 62.
LaTeX Font Info:    Checking defaults for U/cmr/m/n on input line 62.
LaTeX Font Info:    ... okay on input line 62.
LaTeX Font Info:    Checking defaults for PD1/pdf/m/n on input line 62.
LaTeX Font Info:    ... okay on input line 62.
LaTeX Font Info:    Try loading font information for OT1+ptm on input line 62.

(/usr/share/texlive/texmf-dist/tex/latex/psnfss/ot1ptm.fd
File: ot1ptm.fd 2001/06/04 font definitions for OT1/ptm.
)
(/usr/share/texlive/texmf-dist/tex/context/base/supp-pdf.mkii
[Loading MPS to PDF converter (version 2006.09.02).]
\scratchcounter=\count137
\scratchdimen=\dimen169
\scratchbox=\box68
\nofMPsegments=\count138
\nofMParguments=\count139
\everyMPshowfont=\toks31
\MPscratchCnt=\count140
\MPscratchDim=\dimen170
\MPnumerator=\count141
\makeMPintoPDFobject=\count142
\everyMPtoPDFconversion=\toks32
) (/usr/share/texlive/texmf-dist/tex/latex/oberdiek/epstopdf-base.sty
Package: epstopdf-base 2010/02/09 v2.5 Base part for package epstopdf

(/usr/share/texlive/texmf-dist/tex/latex/oberdiek/grfext.sty
Package: grfext 2010/08/19 v1.1 Manage graphics extensions (HO)
)
Package grfext Info: Graphics extension search list:
(grfext)             [.png,.pdf,.jpg,.mps,.jpeg,.jbig2,.jb2,.PNG,.PDF,.JPG,.JPE
G,.JBIG2,.JB2,.eps]
(grfext)             \AppendGraphicsExtensions on input line 452.

(/usr/share/texlive/texmf-dist/tex/latex/latexconfig/epstopdf-sys.cfg
File: epstopdf-sys.cfg 2010/07/13 v1.3 Configuration of (r)epstopdf for TeX Liv
e
))
ABD: EveryShipout initializing macros
\AtBeginShipoutBox=\box69
Package hyperref Info: Link coloring ON on input line 62.

(/usr/share/texlive/texmf-dist/tex/latex/hyperref/nameref.sty
Package: nameref 2012/10/27 v2.43 Cross-referencing by name of section

(/usr/share/texlive/texmf-dist/tex/generic/oberdiek/gettitlestring.sty
Package: gettitlestring 2010/12/03 v1.4 Cleanup title references (HO)
)
\c@section@level=\count143
)
LaTeX Info: Redefining \ref on input line 62.
LaTeX Info: Redefining \pageref on input line 62.
LaTeX Info: Redefining \nameref on input line 62.

(./examples_cocoqa.out) (./examples_cocoqa.out)
\@outlinefile=\write4
\openout4 = `examples_cocoqa.out'.

LaTeX Font Info:    Font shape `OT1/ptm/bx/n' in size <9> not available
(Font)              Font shape `OT1/ptm/b/n' tried instead on input line 82.
LaTeX Font Info:    Font shape `OT1/ptm/bx/n' in size <14.4> not available
(Font)              Font shape `OT1/ptm/b/n' tried instead on input line 82.
 (./cocoqa_object_sel.tex
LaTeX Font Info:    External font `cmex10' loaded for size
(Font)              <9> on input line 3.
LaTeX Font Info:    External font `cmex10' loaded for size
(Font)              <6> on input line 3.
LaTeX Font Info:    External font `cmex10' loaded for size
(Font)              <5> on input line 3.

<cocoqa_img/2.jpg, id=7, 642.4pt x 481.8pt>
File: cocoqa_img/2.jpg Graphic file (type jpg)
 <use cocoqa_img/2.jpg>
Package pdftex.def Info: cocoqa_img/2.jpg used on input line 5.
(pdftex.def)             Requested size: 487.83699pt x 341.4849pt.

Overfull \hbox (4.76381pt too wide) in paragraph at lines 5--16
[][]
 []

<cocoqa_img/85.jpg, id=8, 642.4pt x 481.8pt>
File: cocoqa_img/85.jpg Graphic file (type jpg)
 <use cocoqa_img/85.jpg>
Package pdftex.def Info: cocoqa_img/85.jpg used on input line 18.
(pdftex.def)             Requested size: 487.83699pt x 341.4849pt.

Overfull \hbox (4.76381pt too wide) in paragraph at lines 18--29
[][]
 []

<cocoqa_img/223.jpg, id=9, 642.4pt x 430.60875pt>
File: cocoqa_img/223.jpg Graphic file (type jpg)
 <use cocoqa_img/223.jpg>
Package pdftex.def Info: cocoqa_img/223.jpg used on input line 31.
(pdftex.def)             Requested size: 487.83699pt x 341.48471pt.

Overfull \hbox (4.76381pt too wide) in paragraph at lines 31--43
[][]
 []

<cocoqa_img/1213.jpg, id=10, 642.4pt x 481.8pt>
File: cocoqa_img/1213.jpg Graphic file (type jpg)
 <use cocoqa_img/1213.jpg>
Package pdftex.def Info: cocoqa_img/1213.jpg used on input line 45.
(pdftex.def)             Requested size: 487.83699pt x 341.4849pt.

Overfull \hbox (4.76381pt too wide) in paragraph at lines 45--56
[][]
 []

<cocoqa_img/1549.jpg, id=11, 642.4pt x 429.605pt>
File: cocoqa_img/1549.jpg Graphic file (type jpg)
 <use cocoqa_img/1549.jpg>
Package pdftex.def Info: cocoqa_img/1549.jpg used on input line 58.
(pdftex.def)             Requested size: 487.83699pt x 341.4819pt.

Overfull \hbox (4.76381pt too wide) in paragraph at lines 58--69
[][]
 []

<cocoqa_img/2007.jpg, id=12, 538.01pt x 642.4pt>
File: cocoqa_img/2007.jpg Graphic file (type jpg)
 <use cocoqa_img/2007.jpg>
Package pdftex.def Info: cocoqa_img/2007.jpg used on input line 71.
(pdftex.def)             Requested size: 487.82484pt x 341.48001pt.

Overfull \hbox (4.76016pt too wide) in paragraph at lines 71--83
[][]
 []

<cocoqa_img/4974.jpg, id=13, 192.72pt x 127.97812pt>
File: cocoqa_img/4974.jpg Graphic file (type jpg)
 <use cocoqa_img/4974.jpg>
Package pdftex.def Info: cocoqa_img/4974.jpg used on input line 85.
(pdftex.def)             Requested size: 487.8242pt x 341.49739pt.

Overfull \hbox (4.75996pt too wide) in paragraph at lines 85--96
[][]
 []

<cocoqa_img/5429.jpg, id=14, 256.96pt x 192.72pt>
File: cocoqa_img/5429.jpg Graphic file (type jpg)
 <use cocoqa_img/5429.jpg>
Package pdftex.def Info: cocoqa_img/5429.jpg used on input line 98.
(pdftex.def)             Requested size: 487.8605pt x 341.47311pt.

Overfull \hbox (4.77086pt too wide) in paragraph at lines 98--109
[][]
 []

<cocoqa_img/1965.jpg, id=15, 642.4pt x 482.80376pt>
File: cocoqa_img/1965.jpg Graphic file (type jpg)
 <use cocoqa_img/1965.jpg>
Package pdftex.def Info: cocoqa_img/1965.jpg used on input line 111.
(pdftex.def)             Requested size: 487.83699pt x 341.4891pt.

Overfull \hbox (4.76381pt too wide) in paragraph at lines 111--123
[][]
 []

<cocoqa_img/1966.jpg, id=16, 642.4pt x 428.60126pt>
File: cocoqa_img/1966.jpg Graphic file (type jpg)
 <use cocoqa_img/1966.jpg>
Package pdftex.def Info: cocoqa_img/1966.jpg used on input line 130.
(pdftex.def)             Requested size: 487.83699pt x 341.47539pt.

Overfull \hbox (4.76381pt too wide) in paragraph at lines 130--141
[][]
 []

<cocoqa_img/2950.jpg, id=17, 432.61626pt x 642.4pt>
File: cocoqa_img/2950.jpg Graphic file (type jpg)
 <use cocoqa_img/2950.jpg>
Package pdftex.def Info: cocoqa_img/2950.jpg used on input line 143.
(pdftex.def)             Requested size: 487.8407pt x 341.48001pt.

Overfull \hbox (4.76492pt too wide) in paragraph at lines 143--154
[][]
 []

<cocoqa_img/14930.jpg, id=18, 481.8pt x 642.4pt>
File: cocoqa_img/14930.jpg Graphic file (type jpg)
 <use cocoqa_img/14930.jpg>
Package pdftex.def Info: cocoqa_img/14930.jpg used on input line 156.
(pdftex.def)             Requested size: 487.83452pt x 341.48001pt.

Overfull \hbox (4.76306pt too wide) in paragraph at lines 156--168
[][]
 []

<cocoqa_img/15178.jpg, id=19, 642.4pt x 414.54875pt>
File: cocoqa_img/15178.jpg Graphic file (type jpg)

<use cocoqa_img/15178.jpg>
Package pdftex.def Info: cocoqa_img/15178.jpg used on input line 170.
(pdftex.def)             Requested size: 487.83699pt x 341.48192pt.

Underfull \hbox (badness 1205) in paragraph at lines 180--180
[]\OT1/ptm/m/n/9 Q15178: what are two guys rid-ing
 []


Overfull \hbox (4.76381pt too wide) in paragraph at lines 170--181
[][]
 []

<cocoqa_img/19533.jpg, id=20, 642.4pt x 427.5975pt>
File: cocoqa_img/19533.jpg Graphic file (type jpg)
 <use cocoqa_img/19533.jpg>
Package pdftex.def Info: cocoqa_img/19533.jpg used on input line 183.
(pdftex.def)             Requested size: 487.83699pt x 341.47166pt.

Overfull \hbox (4.76381pt too wide) in paragraph at lines 183--194
[][]
 []

<cocoqa_img/24952.jpg, id=21, 642.4pt x 482.80376pt>
File: cocoqa_img/24952.jpg Graphic file (type jpg)

<use cocoqa_img/24952.jpg>
Package pdftex.def Info: cocoqa_img/24952.jpg used on input line 196.
(pdftex.def)             Requested size: 487.83699pt x 341.4891pt.

Overfull \hbox (4.76381pt too wide) in paragraph at lines 196--208
[][]
 []

<cocoqa_img/29528.jpg, id=22, 147.30191pt x 94.59544pt>
File: cocoqa_img/29528.jpg Graphic file (type jpg)

<use cocoqa_img/29528.jpg>
Package pdftex.def Info: cocoqa_img/29528.jpg used on input line 210.
(pdftex.def)             Requested size: 487.88916pt x 341.47862pt.

Overfull \hbox (4.77946pt too wide) in paragraph at lines 210--221
[][]
 []

<cocoqa_img/30568.jpg, id=23, 335.2525pt x 501.875pt>
File: cocoqa_img/30568.jpg Graphic file (type jpg)

<use cocoqa_img/30568.jpg>
Package pdftex.def Info: cocoqa_img/30568.jpg used on input line 223.
(pdftex.def)             Requested size: 487.8225pt x 341.49255pt.

Overfull \hbox (4.75946pt too wide) in paragraph at lines 223--234
[][]
 []

<cocoqa_img/36019.jpg, id=24, 182.5pt x 139.43pt>
File: cocoqa_img/36019.jpg Graphic file (type jpg)
 <use cocoqa_img/36019.jpg>
Package pdftex.def Info: cocoqa_img/36019.jpg used on input line 236.
(pdftex.def)             Requested size: 487.90279pt x 341.52985pt.

Underfull \hbox (badness 1688) in paragraph at lines 246--246
[]\OT1/ptm/m/n/9 Q36019: the woman wear-ing what
 []


Overfull \hbox (4.78354pt too wide) in paragraph at lines 236--248
[][]
 []


LaTeX Warning: Float too large for page by 30.10927pt on input line 250.

<cocoqa_img/38613.jpg, id=25, 642.4pt x 481.8pt>
File: cocoqa_img/38613.jpg Graphic file (type jpg)
 <use cocoqa_img/38613.jpg>
Package pdftex.def Info: cocoqa_img/38613.jpg used on input line 255.
(pdftex.def)             Requested size: 487.83699pt x 341.4849pt.

Overfull \hbox (4.76381pt too wide) in paragraph at lines 255--266
[][]
 []

<cocoqa_img/3098.jpg, id=26, 501.875pt x 376.40625pt>
File: cocoqa_img/3098.jpg Graphic file (type jpg)

<use cocoqa_img/3098.jpg>
Package pdftex.def Info: cocoqa_img/3098.jpg used on input line 268.
(pdftex.def)             Requested size: 487.84433pt x 341.49638pt.

Underfull \hbox (badness 1275) in paragraph at lines 278--278
\OT1/ptm/m/n/9 over CNN-LSTM is just some syn-
 []


Overfull \hbox (4.766pt too wide) in paragraph at lines 268--279
[][]
 []

<cocoqa_img/14124.jpg, id=27, 425.59pt x 642.4pt>
File: cocoqa_img/14124.jpg Graphic file (type jpg)
 <use cocoqa_img/14124.jpg>
Package pdftex.def Info: cocoqa_img/14124.jpg used on input line 281.
(pdftex.def)             Requested size: 487.84665pt x 341.48001pt.

Overfull \hbox (4.76671pt too wide) in paragraph at lines 281--293
[][]
 []

<cocoqa_img/14518.jpg, id=28, 642.4pt x 481.8pt>
File: cocoqa_img/14518.jpg Graphic file (type jpg)
 <use cocoqa_img/14518.jpg>
Package pdftex.def Info: cocoqa_img/14518.jpg used on input line 295.
(pdftex.def)             Requested size: 487.83699pt x 341.4849pt.

Overfull \hbox (4.76381pt too wide) in paragraph at lines 295--306
[][]
 []

<cocoqa_img/15499.jpg, id=29, 642.4pt x 426.59375pt>
File: cocoqa_img/15499.jpg Graphic file (type jpg)

<use cocoqa_img/15499.jpg>
Package pdftex.def Info: cocoqa_img/15499.jpg used on input line 308.
(pdftex.def)             Requested size: 487.83699pt x 341.49677pt.

Overfull \hbox (4.76381pt too wide) in paragraph at lines 308--319
[][]
 []

<cocoqa_img/37066.jpg, id=30, 642.4pt x 481.8pt>
File: cocoqa_img/37066.jpg Graphic file (type jpg)
 <use cocoqa_img/37066.jpg>
Package pdftex.def Info: cocoqa_img/37066.jpg used on input line 321.
(pdftex.def)             Requested size: 487.83699pt x 341.4849pt.

Overfull \hbox (4.76381pt too wide) in paragraph at lines 321--333
[][]
 []

<cocoqa_img/385.jpg, id=31, 154.176pt x 115.632pt>
File: cocoqa_img/385.jpg Graphic file (type jpg)
 <use cocoqa_img/385.jpg>
Package pdftex.def Info: cocoqa_img/385.jpg used on input line 335.
(pdftex.def)             Requested size: 487.88239pt x 341.49254pt.

Overfull \hbox (4.77742pt too wide) in paragraph at lines 335--346
[][]
 []

<cocoqa_img/1681.jpg, id=32, 99.2508pt x 154.176pt>
File: cocoqa_img/1681.jpg Graphic file (type jpg)
 <use cocoqa_img/1681.jpg>
Package pdftex.def Info: cocoqa_img/1681.jpg used on input line 348.
(pdftex.def)             Requested size: 487.82478pt x 341.51485pt.

Overfull \hbox (4.76015pt too wide) in paragraph at lines 348--359
[][]
 []

<cocoqa_img/2608.jpg, id=33, 642.4pt x 481.8pt>
File: cocoqa_img/2608.jpg Graphic file (type jpg)
 <use cocoqa_img/2608.jpg>
Package pdftex.def Info: cocoqa_img/2608.jpg used on input line 361.
(pdftex.def)             Requested size: 487.83699pt x 341.4849pt.

Overfull \hbox (4.76381pt too wide) in paragraph at lines 361--373
[][]
 []

<cocoqa_img/828.jpg, id=34, 642.4pt x 481.8pt>
File: cocoqa_img/828.jpg Graphic file (type jpg)
 <use cocoqa_img/828.jpg>
Package pdftex.def Info: cocoqa_img/828.jpg used on input line 380.
(pdftex.def)             Requested size: 487.83699pt x 341.4849pt.

Overfull \hbox (4.76381pt too wide) in paragraph at lines 380--391
[][]
 []

<cocoqa_img/33.jpg, id=35, 614.295pt x 614.295pt>
File: cocoqa_img/33.jpg Graphic file (type jpg)
 <use cocoqa_img/33.jpg>
Package pdftex.def Info: cocoqa_img/33.jpg used on input line 393.
(pdftex.def)             Requested size: 487.82791pt x 341.47203pt.

Overfull \hbox (4.76108pt too wide) in paragraph at lines 393--404
[][]
 []

<cocoqa_img/7231.jpg, id=36, 642.4pt x 431.6125pt>
File: cocoqa_img/7231.jpg Graphic file (type jpg)
 <use cocoqa_img/7231.jpg>
Package pdftex.def Info: cocoqa_img/7231.jpg used on input line 406.
(pdftex.def)             Requested size: 487.83699pt x 341.48383pt.

Overfull \hbox (4.76381pt too wide) in paragraph at lines 406--418
[][]
 []

<cocoqa_img/24432.jpg, id=37, 642.4pt x 428.60126pt>
File: cocoqa_img/24432.jpg Graphic file (type jpg)

<use cocoqa_img/24432.jpg>
Package pdftex.def Info: cocoqa_img/24432.jpg used on input line 420.
(pdftex.def)             Requested size: 487.83699pt x 341.47539pt.

Overfull \hbox (4.76381pt too wide) in paragraph at lines 420--431
[][]
 []

) (./cocoqa_number_sel.tex <cocoqa_img/3202.jpg, id=38, 481.8pt x 271.0125pt>
File: cocoqa_img/3202.jpg Graphic file (type jpg)

<use cocoqa_img/3202.jpg>
Package pdftex.def Info: cocoqa_img/3202.jpg used on input line 5.
(pdftex.def)             Requested size: 487.83452pt x 341.48581pt.

Overfull \hbox (4.76306pt too wide) in paragraph at lines 5--16
[][]
 []

<cocoqa_img/4305.jpg, id=39, 642.4pt x 481.8pt>
File: cocoqa_img/4305.jpg Graphic file (type jpg)
 <use cocoqa_img/4305.jpg>
Package pdftex.def Info: cocoqa_img/4305.jpg used on input line 18.
(pdftex.def)             Requested size: 487.83699pt x 341.4849pt.

Overfull \hbox (4.76381pt too wide) in paragraph at lines 18--29
[][]
 []

<cocoqa_img/6805.jpg, id=40, 642.4pt x 481.8pt>
File: cocoqa_img/6805.jpg Graphic file (type jpg)
 <use cocoqa_img/6805.jpg>
Package pdftex.def Info: cocoqa_img/6805.jpg used on input line 31.
(pdftex.def)             Requested size: 487.83699pt x 341.4849pt.

Overfull \hbox (4.76381pt too wide) in paragraph at lines 31--43
[][]
 []

<cocoqa_img/7270.jpg, id=41, 642.4pt x 481.8pt>
File: cocoqa_img/7270.jpg Graphic file (type jpg)
 <use cocoqa_img/7270.jpg>
Package pdftex.def Info: cocoqa_img/7270.jpg used on input line 45.
(pdftex.def)             Requested size: 487.83699pt x 341.4849pt.

Overfull \hbox (4.76381pt too wide) in paragraph at lines 45--56
[][]
 []

<cocoqa_img/8112.jpg, id=42, 642.4pt x 481.8pt>
File: cocoqa_img/8112.jpg Graphic file (type jpg)
 <use cocoqa_img/8112.jpg>
Package pdftex.def Info: cocoqa_img/8112.jpg used on input line 58.
(pdftex.def)             Requested size: 487.83699pt x 341.4849pt.

Overfull \hbox (4.76381pt too wide) in paragraph at lines 58--69
[][]
 []

<cocoqa_img/9148.jpg, id=43, 642.4pt x 481.8pt>
File: cocoqa_img/9148.jpg Graphic file (type jpg)
 <use cocoqa_img/9148.jpg>
Package pdftex.def Info: cocoqa_img/9148.jpg used on input line 71.
(pdftex.def)             Requested size: 487.83699pt x 341.4849pt.

Overfull \hbox (4.76381pt too wide) in paragraph at lines 71--83
[][]
 []

<cocoqa_img/32912.jpg, id=44, 642.4pt x 479.7925pt>
File: cocoqa_img/32912.jpg Graphic file (type jpg)
 <use cocoqa_img/32912.jpg>
Package pdftex.def Info: cocoqa_img/32912.jpg used on input line 85.
(pdftex.def)             Requested size: 487.83699pt x 341.47499pt.

Overfull \hbox (4.76381pt too wide) in paragraph at lines 85--96
[][]
 []

<cocoqa_img/28078.jpg, id=45, 458.71375pt x 642.4pt>
File: cocoqa_img/28078.jpg Graphic file (type jpg)

<use cocoqa_img/28078.jpg>
Package pdftex.def Info: cocoqa_img/28078.jpg used on input line 98.
(pdftex.def)             Requested size: 487.84412pt x 341.48001pt.

Overfull \hbox (4.76595pt too wide) in paragraph at lines 98--109
[][]
 []

<cocoqa_img/3757.jpg, id=46, 501.875pt x 334.24875pt>
File: cocoqa_img/3757.jpg Graphic file (type jpg)

<use cocoqa_img/3757.jpg>
Package pdftex.def Info: cocoqa_img/3757.jpg used on input line 111.
(pdftex.def)             Requested size: 487.84433pt x 341.50043pt.

Underfull \hbox (badness 10000) in paragraph at lines 121--121
\OT1/ptm/m/n/9 Mostly CNN-LSTM out-puts more
 []


Overfull \hbox (4.766pt too wide) in paragraph at lines 111--123
[][]
 []


LaTeX Warning: Float too large for page by 12.27841pt on input line 125.

<cocoqa_img/9489.jpg, id=47, 642.4pt x 428.60126pt>
File: cocoqa_img/9489.jpg Graphic file (type jpg)
 <use cocoqa_img/9489.jpg>
Package pdftex.def Info: cocoqa_img/9489.jpg used on input line 130.
(pdftex.def)             Requested size: 487.83699pt x 341.47539pt.

Overfull \hbox (4.76381pt too wide) in paragraph at lines 130--141
[][]
 []

<cocoqa_img/170.jpg, id=48, 642.4pt x 428.60126pt>
File: cocoqa_img/170.jpg Graphic file (type jpg)
 <use cocoqa_img/170.jpg>
Package pdftex.def Info: cocoqa_img/170.jpg used on input line 143.
(pdftex.def)             Requested size: 487.83699pt x 341.47539pt.

Overfull \hbox (4.76381pt too wide) in paragraph at lines 143--154
[][]
 []

<cocoqa_img/3449.jpg, id=49, 642.4pt x 458.71375pt>
File: cocoqa_img/3449.jpg Graphic file (type jpg)
 <use cocoqa_img/3449.jpg>
Package pdftex.def Info: cocoqa_img/3449.jpg used on input line 156.
(pdftex.def)             Requested size: 487.83699pt x 341.48668pt.

Overfull \hbox (4.76381pt too wide) in paragraph at lines 156--168
[][]
 []

<cocoqa_img/24263.jpg, id=50, 642.4pt x 429.605pt>
File: cocoqa_img/24263.jpg Graphic file (type jpg)
 <use cocoqa_img/24263.jpg>
Package pdftex.def Info: cocoqa_img/24263.jpg used on input line 170.
(pdftex.def)             Requested size: 487.83699pt x 341.4819pt.

Overfull \hbox (4.76381pt too wide) in paragraph at lines 170--181
[][]
 []

<cocoqa_img/6.jpg, id=51, 501.875pt x 376.40625pt>
File: cocoqa_img/6.jpg Graphic file (type jpg)
 <use cocoqa_img/6.jpg>
Package pdftex.def Info: cocoqa_img/6.jpg used on input line 183.
(pdftex.def)             Requested size: 487.84433pt x 341.49638pt.

Overfull \hbox (4.766pt too wide) in paragraph at lines 183--194
[][]
 []

<cocoqa_img/25552.jpg, id=52, 642.4pt x 451.6875pt>
File: cocoqa_img/25552.jpg Graphic file (type jpg)
 <use cocoqa_img/25552.jpg>
Package pdftex.def Info: cocoqa_img/25552.jpg used on input line 196.
(pdftex.def)             Requested size: 487.83699pt x 341.4941pt.

Overfull \hbox (4.76381pt too wide) in paragraph at lines 196--208
[][]
 []

<cocoqa_img/25671.jpg, id=53, 642.4pt x 481.8pt>
File: cocoqa_img/25671.jpg Graphic file (type jpg)
 <use cocoqa_img/25671.jpg>
Package pdftex.def Info: cocoqa_img/25671.jpg used on input line 210.
(pdftex.def)             Requested size: 487.83699pt x 341.4849pt.

Overfull \hbox (4.76381pt too wide) in paragraph at lines 210--221
[][]
 []

<cocoqa_img/24776.jpg, id=54, 642.4pt x 339.2675pt>
File: cocoqa_img/24776.jpg Graphic file (type jpg)
 <use cocoqa_img/24776.jpg>
Package pdftex.def Info: cocoqa_img/24776.jpg used on input line 223.
(pdftex.def)             Requested size: 487.83699pt x 341.4875pt.

Underfull \hbox (badness 2189) in paragraph at lines 233--233
\OT1/ptm/m/n/9 LSTM cap-tures ``is'' whereas BOW
 []


Overfull \hbox (4.76381pt too wide) in paragraph at lines 223--234
[][]
 []

<cocoqa_img/811.jpg, id=55, 481.8pt x 384.6872pt>
File: cocoqa_img/811.jpg Graphic file (type jpg)
 <use cocoqa_img/811.jpg>
Package pdftex.def Info: cocoqa_img/811.jpg used on input line 236.
(pdftex.def)             Requested size: 487.83452pt x 341.49591pt.

Overfull \hbox (4.76306pt too wide) in paragraph at lines 236--248
[][]
 []


LaTeX Warning: Float too large for page by 2.41324pt on input line 250.

<cocoqa_img/33482.jpg, id=56, 256.96pt x 144.1385pt>
File: cocoqa_img/33482.jpg Graphic file (type jpg)

<use cocoqa_img/33482.jpg>
Package pdftex.def Info: cocoqa_img/33482.jpg used on input line 255.
(pdftex.def)             Requested size: 487.8605pt x 341.50334pt.

Overfull \hbox (4.77086pt too wide) in paragraph at lines 255--266
[][]
 []

<cocoqa_img/12255.jpg, id=57, 642.4pt x 427.5975pt>
File: cocoqa_img/12255.jpg Graphic file (type jpg)
 <use cocoqa_img/12255.jpg>
Package pdftex.def Info: cocoqa_img/12255.jpg used on input line 268.
(pdftex.def)             Requested size: 487.83699pt x 341.47166pt.

Overfull \hbox (4.76381pt too wide) in paragraph at lines 268--279
[][]
 []

<cocoqa_img/38217.jpg, id=58, 642.4pt x 427.5975pt>
File: cocoqa_img/38217.jpg Graphic file (type jpg)
 <use cocoqa_img/38217.jpg>
Package pdftex.def Info: cocoqa_img/38217.jpg used on input line 281.
(pdftex.def)             Requested size: 487.83699pt x 341.47166pt.

Underfull \hbox (badness 1112) in paragraph at lines 291--291
\OT1/ptm/m/n/9 Objects are over-lapped prob-a-bly the
 []


Overfull \hbox (4.76381pt too wide) in paragraph at lines 281--293
[][]
 []

) (./cocoqa_color_sel.tex <cocoqa_img/521.jpg, id=59, 642.4pt x 428.60126pt>
File: cocoqa_img/521.jpg Graphic file (type jpg)

<use cocoqa_img/521.jpg>
Package pdftex.def Info: cocoqa_img/521.jpg used on input line 5.
(pdftex.def)             Requested size: 487.83699pt x 341.47539pt.

Overfull \hbox (4.76381pt too wide) in paragraph at lines 5--16
[][]
 []

<cocoqa_img/1362.jpg, id=60, 642.4pt x 420.57124pt>
File: cocoqa_img/1362.jpg Graphic file (type jpg)
 <use cocoqa_img/1362.jpg>
Package pdftex.def Info: cocoqa_img/1362.jpg used on input line 18.
(pdftex.def)             Requested size: 487.83699pt x 341.47586pt.

Overfull \hbox (4.76381pt too wide) in paragraph at lines 18--29
[][]
 []

<cocoqa_img/2023.jpg, id=61, 642.4pt x 500.87125pt>
File: cocoqa_img/2023.jpg Graphic file (type jpg)
 <use cocoqa_img/2023.jpg>
Package pdftex.def Info: cocoqa_img/2023.jpg used on input line 31.
(pdftex.def)             Requested size: 487.83699pt x 341.48976pt.

Overfull \hbox (4.76381pt too wide) in paragraph at lines 31--43
[][]
 []

<cocoqa_img/2683.jpg, id=62, 642.4pt x 481.8pt>
File: cocoqa_img/2683.jpg Graphic file (type jpg)
 <use cocoqa_img/2683.jpg>
Package pdftex.def Info: cocoqa_img/2683.jpg used on input line 45.
(pdftex.def)             Requested size: 487.83699pt x 341.4849pt.

Overfull \hbox (4.76381pt too wide) in paragraph at lines 45--56
[][]
 []

<cocoqa_img/5520.jpg, id=63, 334.24875pt x 501.875pt>
File: cocoqa_img/5520.jpg Graphic file (type jpg)

<use cocoqa_img/5520.jpg>
Package pdftex.def Info: cocoqa_img/5520.jpg used on input line 58.
(pdftex.def)             Requested size: 487.8614pt x 341.49255pt.

Overfull \hbox (4.77113pt too wide) in paragraph at lines 58--69
[][]
 []

<cocoqa_img/9822.jpg, id=64, 154.176pt x 115.632pt>
File: cocoqa_img/9822.jpg Graphic file (type jpg)
 <use cocoqa_img/9822.jpg>
Package pdftex.def Info: cocoqa_img/9822.jpg used on input line 71.
(pdftex.def)             Requested size: 487.88239pt x 341.49254pt.

Overfull \hbox (4.77742pt too wide) in paragraph at lines 71--83
[][]
 []

<cocoqa_img/34206.jpg, id=65, 642.4pt x 481.8pt>
File: cocoqa_img/34206.jpg Graphic file (type jpg)
 <use cocoqa_img/34206.jpg>
Package pdftex.def Info: cocoqa_img/34206.jpg used on input line 85.
(pdftex.def)             Requested size: 487.83699pt x 341.4849pt.

Overfull \hbox (4.76381pt too wide) in paragraph at lines 85--96
[][]
 []

<cocoqa_img/139.jpg, id=66, 642.4pt x 425.59pt>
File: cocoqa_img/139.jpg Graphic file (type jpg)
 <use cocoqa_img/139.jpg>
Package pdftex.def Info: cocoqa_img/139.jpg used on input line 98.
(pdftex.def)             Requested size: 487.83699pt x 341.492pt.

Overfull \hbox (4.76381pt too wide) in paragraph at lines 98--109
[][]
 []

<cocoqa_img/1404.jpg, id=67, 481.8pt x 642.4pt>
File: cocoqa_img/1404.jpg Graphic file (type jpg)
 <use cocoqa_img/1404.jpg>
Package pdftex.def Info: cocoqa_img/1404.jpg used on input line 111.
(pdftex.def)             Requested size: 487.83452pt x 341.48001pt.

Overfull \hbox (4.76306pt too wide) in paragraph at lines 111--123
[][]
 []

<cocoqa_img/1586.jpg, id=68, 427.5975pt x 642.4pt>
File: cocoqa_img/1586.jpg Graphic file (type jpg)
 <use cocoqa_img/1586.jpg>
Package pdftex.def Info: cocoqa_img/1586.jpg used on input line 130.
(pdftex.def)             Requested size: 487.82506pt x 341.48001pt.

Overfull \hbox (4.76022pt too wide) in paragraph at lines 130--141
[][]
 []

<cocoqa_img/6358.jpg, id=69, 308.352pt x 206.6922pt>
File: cocoqa_img/6358.jpg Graphic file (type jpg)
 <use cocoqa_img/6358.jpg>
Package pdftex.def Info: cocoqa_img/6358.jpg used on input line 143.
(pdftex.def)             Requested size: 487.8307pt x 341.4784pt.

Overfull \hbox (4.76192pt too wide) in paragraph at lines 143--154
[][]
 []

<cocoqa_img/10492.jpg, id=70, 427.5975pt x 642.4pt>
File: cocoqa_img/10492.jpg Graphic file (type jpg)
 <use cocoqa_img/10492.jpg>
Package pdftex.def Info: cocoqa_img/10492.jpg used on input line 156.
(pdftex.def)             Requested size: 487.82506pt x 341.48001pt.

Overfull \hbox (4.76022pt too wide) in paragraph at lines 156--168
[][]
 []

<cocoqa_img/1037.jpg, id=71, 642.4pt x 499.8675pt>
File: cocoqa_img/1037.jpg Graphic file (type jpg)
 <use cocoqa_img/1037.jpg>
Package pdftex.def Info: cocoqa_img/1037.jpg used on input line 170.
(pdftex.def)             Requested size: 487.83699pt x 341.48425pt.

Overfull \hbox (4.76381pt too wide) in paragraph at lines 170--181
[][]
 []

<cocoqa_img/591.jpg, id=72, 642.4pt x 427.5975pt>
File: cocoqa_img/591.jpg Graphic file (type jpg)
 <use cocoqa_img/591.jpg>
Package pdftex.def Info: cocoqa_img/591.jpg used on input line 183.
(pdftex.def)             Requested size: 487.83699pt x 341.47166pt.

Overfull \hbox (4.76381pt too wide) in paragraph at lines 183--194
[][]
 []

<cocoqa_img/2211.jpg, id=73, 501.875pt x 376.40625pt>
File: cocoqa_img/2211.jpg Graphic file (type jpg)

<use cocoqa_img/2211.jpg>
Package pdftex.def Info: cocoqa_img/2211.jpg used on input line 196.
(pdftex.def)             Requested size: 487.84433pt x 341.49638pt.

Underfull \hbox (badness 1147) in paragraph at lines 206--206
\OT1/ptm/m/n/9 CNN is re-ally look-ing at the back-
 []


Overfull \hbox (4.766pt too wide) in paragraph at lines 196--208
[][]
 []

<cocoqa_img/17918.jpg, id=74, 642.4pt x 428.60126pt>
File: cocoqa_img/17918.jpg Graphic file (type jpg)

<use cocoqa_img/17918.jpg>
Package pdftex.def Info: cocoqa_img/17918.jpg used on input line 210.
(pdftex.def)             Requested size: 487.83699pt x 341.47539pt.

Overfull \hbox (4.76381pt too wide) in paragraph at lines 210--221
[][]
 []

<cocoqa_img/2562.jpg, id=75, 157.10869pt x 117.83153pt>
File: cocoqa_img/2562.jpg Graphic file (type jpg)

<use cocoqa_img/2562.jpg>
Package pdftex.def Info: cocoqa_img/2562.jpg used on input line 223.
(pdftex.def)             Requested size: 487.86612pt x 341.52827pt.

Overfull \hbox (4.77255pt too wide) in paragraph at lines 223--234
[][]
 []

<cocoqa_img/3705.jpg, id=76, 642.4pt x 481.8pt>
File: cocoqa_img/3705.jpg Graphic file (type jpg)
 <use cocoqa_img/3705.jpg>
Package pdftex.def Info: cocoqa_img/3705.jpg used on input line 236.
(pdftex.def)             Requested size: 487.83699pt x 341.4849pt.

Overfull \hbox (4.76381pt too wide) in paragraph at lines 236--248
[][]
 []

<cocoqa_img/5826.jpg, id=77, 501.875pt x 333.245pt>
File: cocoqa_img/5826.jpg Graphic file (type jpg)
 <use cocoqa_img/5826.jpg>
Package pdftex.def Info: cocoqa_img/5826.jpg used on input line 255.
(pdftex.def)             Requested size: 487.84433pt x 341.49696pt.

Overfull \hbox (4.766pt too wide) in paragraph at lines 255--266
[][]
 []

) (./cocoqa_location_sel.tex <cocoqa_img/42.jpg, id=78, 642.4pt x 426.59375pt>
File: cocoqa_img/42.jpg Graphic file (type jpg)

<use cocoqa_img/42.jpg>
Package pdftex.def Info: cocoqa_img/42.jpg used on input line 5.
(pdftex.def)             Requested size: 487.83699pt x 341.49677pt.

Overfull \hbox (4.76381pt too wide) in paragraph at lines 5--16
[][]
 []

<cocoqa_img/857.jpg, id=79, 642.4pt x 437.635pt>
File: cocoqa_img/857.jpg Graphic file (type jpg)
 <use cocoqa_img/857.jpg>
Package pdftex.def Info: cocoqa_img/857.jpg used on input line 18.
(pdftex.def)             Requested size: 487.83699pt x 341.4808pt.

Overfull \hbox (4.76381pt too wide) in paragraph at lines 18--29
[][]
 []

<cocoqa_img/805.jpg, id=80, 376.40625pt x 501.875pt>
File: cocoqa_img/805.jpg Graphic file (type jpg)
 <use cocoqa_img/805.jpg>
Package pdftex.def Info: cocoqa_img/805.jpg used on input line 31.
(pdftex.def)             Requested size: 487.85773pt x 341.49255pt.

Overfull \hbox (4.77003pt too wide) in paragraph at lines 31--43
[][]
 []

<cocoqa_img/9648.jpg, id=81, 481.8pt x 642.4pt>
File: cocoqa_img/9648.jpg Graphic file (type jpg)
 <use cocoqa_img/9648.jpg>
Package pdftex.def Info: cocoqa_img/9648.jpg used on input line 45.
(pdftex.def)             Requested size: 487.83452pt x 341.48001pt.

Underfull \hbox (badness 2134) in paragraph at lines 55--55
[]\OT1/ptm/m/n/9 Q9648: where does the man with
 []


Overfull \hbox (4.76306pt too wide) in paragraph at lines 45--56
[][]
 []

<cocoqa_img/15891.jpg, id=82, 642.4pt x 428.60126pt>
File: cocoqa_img/15891.jpg Graphic file (type jpg)

<use cocoqa_img/15891.jpg>
Package pdftex.def Info: cocoqa_img/15891.jpg used on input line 58.
(pdftex.def)             Requested size: 487.83699pt x 341.47539pt.

Overfull \hbox (4.76381pt too wide) in paragraph at lines 58--69
[][]
 []

<cocoqa_img/25218.jpg, id=83, 642.4pt x 481.8pt>
File: cocoqa_img/25218.jpg Graphic file (type jpg)
 <use cocoqa_img/25218.jpg>
Package pdftex.def Info: cocoqa_img/25218.jpg used on input line 71.
(pdftex.def)             Requested size: 487.83699pt x 341.4849pt.

Overfull \hbox (4.76381pt too wide) in paragraph at lines 71--83
[][]
 []

<cocoqa_img/25397.jpg, id=84, 642.4pt x 427.5975pt>
File: cocoqa_img/25397.jpg Graphic file (type jpg)
 <use cocoqa_img/25397.jpg>
Package pdftex.def Info: cocoqa_img/25397.jpg used on input line 85.
(pdftex.def)             Requested size: 487.83699pt x 341.47166pt.

Overfull \hbox (4.76381pt too wide) in paragraph at lines 85--96
[][]
 []

<cocoqa_img/35349.jpg, id=85, 365.0pt x 251.85pt>
File: cocoqa_img/35349.jpg Graphic file (type jpg)
 <use cocoqa_img/35349.jpg>
Package pdftex.def Info: cocoqa_img/35349.jpg used on input line 98.
(pdftex.def)             Requested size: 487.86105pt x 341.48155pt.

Underfull \hbox (badness 1616) in paragraph at lines 108--108
[]\OT1/ptm/m/n/9 Q35349: where is an ele-phant ap-
 []


Overfull \hbox (4.77103pt too wide) in paragraph at lines 98--109
[][]
 []

<cocoqa_img/137.jpg, id=86, 642.4pt x 481.8pt>
File: cocoqa_img/137.jpg Graphic file (type jpg)
 <use cocoqa_img/137.jpg>
Package pdftex.def Info: cocoqa_img/137.jpg used on input line 111.
(pdftex.def)             Requested size: 487.83699pt x 341.4849pt.

Overfull \hbox (4.76381pt too wide) in paragraph at lines 111--123
[][]
 []

<cocoqa_img/23418.jpg, id=87, 494.84875pt x 642.4pt>
File: cocoqa_img/23418.jpg Graphic file (type jpg)

<use cocoqa_img/23418.jpg>
Package pdftex.def Info: cocoqa_img/23418.jpg used on input line 130.
(pdftex.def)             Requested size: 487.82532pt x 341.48001pt.

Overfull \hbox (4.7603pt too wide) in paragraph at lines 130--141
[][]
 []

<cocoqa_img/38461.jpg, id=88, 481.8pt x 642.4pt>
File: cocoqa_img/38461.jpg Graphic file (type jpg)
 <use cocoqa_img/38461.jpg>
Package pdftex.def Info: cocoqa_img/38461.jpg used on input line 143.
(pdftex.def)             Requested size: 487.83452pt x 341.48001pt.

Overfull \hbox (4.76306pt too wide) in paragraph at lines 143--154
[][]
 []

<cocoqa_img/6428.jpg, id=89, 154.176pt x 103.1052pt>
File: cocoqa_img/6428.jpg Graphic file (type jpg)
 <use cocoqa_img/6428.jpg>
Package pdftex.def Info: cocoqa_img/6428.jpg used on input line 156.
(pdftex.def)             Requested size: 487.88239pt x 341.50992pt.

Underfull \hbox (badness 1603) in paragraph at lines 166--166
\OT1/ptm/m/n/9 Answer could be bath-room as well
 []


Overfull \hbox (4.77742pt too wide) in paragraph at lines 156--168
[][]
 []

<cocoqa_img/26714.jpg, id=90, 501.875pt x 376.40625pt>
File: cocoqa_img/26714.jpg Graphic file (type jpg)

<use cocoqa_img/26714.jpg>
Package pdftex.def Info: cocoqa_img/26714.jpg used on input line 170.
(pdftex.def)             Requested size: 487.84433pt x 341.49638pt.

Underfull \hbox (badness 3646) in paragraph at lines 180--180
\OT1/ptm/m/n/9 Many lo-ca-tion based ques-tions are
 []


Overfull \hbox (4.766pt too wide) in paragraph at lines 170--181
[][]
 []

<cocoqa_img/23637.jpg, id=91, 128.58037pt x 192.72pt>
File: cocoqa_img/23637.jpg Graphic file (type jpg)

<use cocoqa_img/23637.jpg>
Package pdftex.def Info: cocoqa_img/23637.jpg used on input line 183.
(pdftex.def)             Requested size: 487.88838pt x 341.47311pt.

Overfull \hbox (4.77922pt too wide) in paragraph at lines 183--194
[][]
 []

<cocoqa_img/6144.jpg, id=92, 642.4pt x 428.60126pt>
File: cocoqa_img/6144.jpg Graphic file (type jpg)
 <use cocoqa_img/6144.jpg>
Package pdftex.def Info: cocoqa_img/6144.jpg used on input line 196.
(pdftex.def)             Requested size: 487.83699pt x 341.47539pt.

Overfull \hbox (4.76381pt too wide) in paragraph at lines 196--208
[][]
 []

<cocoqa_img/172.jpg, id=93, 467.7475pt x 642.4pt>
File: cocoqa_img/172.jpg Graphic file (type jpg)
 <use cocoqa_img/172.jpg>
Package pdftex.def Info: cocoqa_img/172.jpg used on input line 210.
(pdftex.def)             Requested size: 487.8448pt x 341.48001pt.

Overfull \hbox (4.76614pt too wide) in paragraph at lines 210--221
[][]
 []

<cocoqa_img/8887.jpg, id=94, 334.24875pt x 501.875pt>
File: cocoqa_img/8887.jpg Graphic file (type jpg)

<use cocoqa_img/8887.jpg>
Package pdftex.def Info: cocoqa_img/8887.jpg used on input line 223.
(pdftex.def)             Requested size: 487.8614pt x 341.49255pt.

Overfull \hbox (4.77113pt too wide) in paragraph at lines 223--234
[][]
 []

)
Package atveryend Info: Empty hook `BeforeClearDocument' on input line 87.
 [1{/usr/share/texlive/texmf-dist/fonts/map/pdftex/updmap/pdftex.map}




]

LaTeX Warning: Text page 2 contains only floats.


LaTeX Warning: Text page 2 contains only floats.

[2 <./cocoqa_img/2.jpg> <./cocoqa_img/85.jpg> <./cocoqa_img/223.jpg> <./cocoqa_
img/1213.jpg> <./cocoqa_img/1549.jpg> <./cocoqa_img/2007.jpg> <./cocoqa_img/497
4.jpg> <./cocoqa_img/5429.jpg> <./cocoqa_img/1965.jpg>] [3 <./cocoqa_img/1966.j
pg> <./cocoqa_img/2950.jpg> <./cocoqa_img/14930.jpg> <./cocoqa_img/15178.jpg> <
./cocoqa_img/19533.jpg> <./cocoqa_img/24952.jpg> <./cocoqa_img/29528.jpg> <./co
coqa_img/30568.jpg> <./cocoqa_img/36019.jpg>] [4 <./cocoqa_img/38613.jpg> <./co
coqa_img/3098.jpg> <./cocoqa_img/14124.jpg> <./cocoqa_img/14518.jpg> <./cocoqa_
img/15499.jpg> <./cocoqa_img/37066.jpg> <./cocoqa_img/385.jpg> <./cocoqa_img/16
81.jpg> <./cocoqa_img/2608.jpg>] [5 <./cocoqa_img/828.jpg> <./cocoqa_img/33.jpg
> <./cocoqa_img/7231.jpg> <./cocoqa_img/24432.jpg>] [6 <./cocoqa_img/3202.jpg> 
<./cocoqa_img/4305.jpg> <./cocoqa_img/6805.jpg> <./cocoqa_img/7270.jpg> <./coco
qa_img/8112.jpg> <./cocoqa_img/9148.jpg> <./cocoqa_img/32912.jpg> <./cocoqa_img
/28078.jpg> <./cocoqa_img/3757.jpg>] [7 <./cocoqa_img/9489.jpg> <./cocoqa_img/1
70.jpg> <./cocoqa_img/3449.jpg> <./cocoqa_img/24263.jpg> <./cocoqa_img/6.jpg> <
./cocoqa_img/25552.jpg> <./cocoqa_img/25671.jpg> <./cocoqa_img/24776.jpg> <./co
coqa_img/811.jpg>] [8 <./cocoqa_img/33482.jpg> <./cocoqa_img/12255.jpg> <./coco
qa_img/38217.jpg>] [9 <./cocoqa_img/521.jpg> <./cocoqa_img/1362.jpg> <./cocoqa_
img/2023.jpg> <./cocoqa_img/2683.jpg> <./cocoqa_img/5520.jpg> <./cocoqa_img/982
2.jpg> <./cocoqa_img/34206.jpg> <./cocoqa_img/139.jpg> <./cocoqa_img/1404.jpg>]
[10 <./cocoqa_img/1586.jpg> <./cocoqa_img/6358.jpg> <./cocoqa_img/10492.jpg> <.
/cocoqa_img/1037.jpg> <./cocoqa_img/591.jpg> <./cocoqa_img/2211.jpg> <./cocoqa_
img/17918.jpg> <./cocoqa_img/2562.jpg> <./cocoqa_img/3705.jpg>] [11 <./cocoqa_i
mg/5826.jpg>] [12 <./cocoqa_img/42.jpg> <./cocoqa_img/857.jpg> <./cocoqa_img/80
5.jpg> <./cocoqa_img/9648.jpg> <./cocoqa_img/15891.jpg> <./cocoqa_img/25218.jpg
> <./cocoqa_img/25397.jpg> <./cocoqa_img/35349.jpg> <./cocoqa_img/137.jpg>]
[13 <./cocoqa_img/23418.jpg> <./cocoqa_img/38461.jpg> <./cocoqa_img/6428.jpg> <
./cocoqa_img/26714.jpg> <./cocoqa_img/23637.jpg> <./cocoqa_img/6144.jpg> <./coc
oqa_img/172.jpg> <./cocoqa_img/8887.jpg>]
Package atveryend Info: Empty hook `AfterLastShipout' on input line 87.
 (./examples_cocoqa.aux)
Package atveryend Info: Executing hook `AtVeryEndDocument' on input line 87.
Package atveryend Info: Executing hook `AtEndAfterFileList' on input line 87.
Package rerunfilecheck Info: File `examples_cocoqa.out' has not changed.
(rerunfilecheck)             Checksum: D41D8CD98F00B204E9800998ECF8427E;0.
Package atveryend Info: Empty hook `AtVeryVeryEnd' on input line 87.
 ) 
Here is how much of TeX's memory you used:
 15758 strings out of 495034
 288397 string characters out of 6181677
 440037 words of memory out of 5000000
 18554 multiletter control sequences out of 15000+600000
 14140 words of font info for 32 fonts, out of 8000000 for 9000
 14 hyphenation exceptions out of 8191
 56i,14n,61p,490b,356s stack positions out of 5000i,500n,10000p,200000b,80000s
{/usr/share/texlive/texmf-dist/fonts/enc/dvips/base/8r.enc}</usr/share/texliv
e/texmf-dist/fonts/type1/urw/times/utmb8a.pfb></usr/share/texlive/texmf-dist/fo
nts/type1/urw/times/utmr8a.pfb></usr/share/texlive/texmf-dist/fonts/type1/urw/t
imes/utmr8a.pfb>
Output written on examples_cocoqa.pdf (13 pages, 14012494 bytes).
PDF statistics:
 185 PDF objects out of 1000 (max. 8388607)
 78 compressed objects within 1 object stream
 26 named destinations out of 1000 (max. 500000)
 453 words of extra memory for PDF output out of 10000 (max. 10000000)

