This is pdfTeX, Version 3.1415926-2.6-1.40.14 (TeX Live 2014/dev) (format=pdflatex 2014.11.6)  10 APR 2015 11:23
entering extended mode
 restricted \write18 enabled.
 %&-line parsing enabled.
**Final.tex -recorder
(./Final.tex
LaTeX2e <2011/06/27>
Babel <3.9h> and hyphenation patterns for 2 languages loaded.
(/usr/share/texlive/texmf-dist/tex/latex/base/book.cls
Document Class: book 2007/10/19 v1.4h Standard LaTeX document class
(/usr/share/texlive/texmf-dist/tex/latex/base/bk12.clo
File: bk12.clo 2007/10/19 v1.4h Standard LaTeX file (size option)
)
\c@part=\count79
\c@chapter=\count80
\c@section=\count81
\c@subsection=\count82
\c@subsubsection=\count83
\c@paragraph=\count84
\c@subparagraph=\count85
\c@figure=\count86
\c@table=\count87
\abovecaptionskip=\skip41
\belowcaptionskip=\skip42
\bibindent=\dimen102
)
(/usr/share/texlive/texmf-dist/tex/latex/amsmath/amsmath.sty
Package: amsmath 2013/01/14 v2.14 AMS math features
\@mathmargin=\skip43

For additional information on amsmath, use the `?' option.
(/usr/share/texlive/texmf-dist/tex/latex/amsmath/amstext.sty
Package: amstext 2000/06/29 v2.01

(/usr/share/texlive/texmf-dist/tex/latex/amsmath/amsgen.sty
File: amsgen.sty 1999/11/30 v2.0
\@emptytoks=\toks14
\ex@=\dimen103
))
(/usr/share/texlive/texmf-dist/tex/latex/amsmath/amsbsy.sty
Package: amsbsy 1999/11/29 v1.2d
\pmbraise@=\dimen104
)
(/usr/share/texlive/texmf-dist/tex/latex/amsmath/amsopn.sty
Package: amsopn 1999/12/14 v2.01 operator names
)
\inf@bad=\count88
LaTeX Info: Redefining \frac on input line 210.
\uproot@=\count89
\leftroot@=\count90
LaTeX Info: Redefining \overline on input line 306.
\classnum@=\count91
\DOTSCASE@=\count92
LaTeX Info: Redefining \ldots on input line 378.
LaTeX Info: Redefining \dots on input line 381.
LaTeX Info: Redefining \cdots on input line 466.
\Mathstrutbox@=\box26
\strutbox@=\box27
\big@size=\dimen105
LaTeX Font Info:    Redeclaring font encoding OML on input line 566.
LaTeX Font Info:    Redeclaring font encoding OMS on input line 567.
\macc@depth=\count93
\c@MaxMatrixCols=\count94
\dotsspace@=\muskip10
\c@parentequation=\count95
\dspbrk@lvl=\count96
\tag@help=\toks15
\row@=\count97
\column@=\count98
\maxfields@=\count99
\andhelp@=\toks16
\eqnshift@=\dimen106
\alignsep@=\dimen107
\tagshift@=\dimen108
\tagwidth@=\dimen109
\totwidth@=\dimen110
\lineht@=\dimen111
\@envbody=\toks17
\multlinegap=\skip44
\multlinetaggap=\skip45
\mathdisplay@stack=\toks18
LaTeX Info: Redefining \[ on input line 2665.
LaTeX Info: Redefining \] on input line 2666.
)
(/usr/share/texlive/texmf-dist/tex/latex/amscls/amsthm.sty
Package: amsthm 2004/08/06 v2.20
\thm@style=\toks19
\thm@bodyfont=\toks20
\thm@headfont=\toks21
\thm@notefont=\toks22
\thm@headpunct=\toks23
\thm@preskip=\skip46
\thm@postskip=\skip47
\thm@headsep=\skip48
\dth@everypar=\toks24
)
(/usr/share/texlive/texmf-dist/tex/latex/amsmath/amscd.sty
Package: amscd 1999/11/29 v2.0
\athelp@=\toks25
\minaw@=\dimen112
\bigaw@=\dimen113
\minCDarrowwidth=\dimen114
)
(/usr/share/texlive/texmf-dist/tex/latex/pgf/frontendlayer/tikz.sty
(/usr/share/texlive/texmf-dist/tex/latex/pgf/basiclayer/pgf.sty
(/usr/share/texlive/texmf-dist/tex/latex/pgf/utilities/pgfrcs.sty
(/usr/share/texlive/texmf-dist/tex/generic/pgf/utilities/pgfutil-common.tex
\pgfutil@everybye=\toks26
)
(/usr/share/texlive/texmf-dist/tex/generic/pgf/utilities/pgfutil-latex.def
\pgfutil@abb=\box28

(/usr/share/texlive/texmf-dist/tex/latex/ms/everyshi.sty
Package: everyshi 2001/05/15 v3.00 EveryShipout Package (MS)
))
(/usr/share/texlive/texmf-dist/tex/generic/pgf/utilities/pgfrcs.code.tex
Package: pgfrcs 2010/10/25 v2.10 (rcs-revision 1.24)
))
Package: pgf 2008/01/15 v2.10 (rcs-revision 1.12)

(/usr/share/texlive/texmf-dist/tex/latex/pgf/basiclayer/pgfcore.sty
(/usr/share/texlive/texmf-dist/tex/latex/graphics/graphicx.sty
Package: graphicx 1999/02/16 v1.0f Enhanced LaTeX Graphics (DPC,SPQR)

(/usr/share/texlive/texmf-dist/tex/latex/graphics/keyval.sty
Package: keyval 1999/03/16 v1.13 key=value parser (DPC)
\KV@toks@=\toks27
)
(/usr/share/texlive/texmf-dist/tex/latex/graphics/graphics.sty
Package: graphics 2009/02/05 v1.0o Standard LaTeX Graphics (DPC,SPQR)

(/usr/share/texlive/texmf-dist/tex/latex/graphics/trig.sty
Package: trig 1999/03/16 v1.09 sin cos tan (DPC)
)
(/usr/share/texlive/texmf-dist/tex/latex/latexconfig/graphics.cfg
File: graphics.cfg 2010/04/23 v1.9 graphics configuration of TeX Live
)
Package graphics Info: Driver file: pdftex.def on input line 91.

(./pdftex.def
File: pdftex.def 2011/05/27 v0.06d Graphics/color for pdfTeX
 (/usr/share/texlive/texmf-dist/tex/generic/oberdiek/infwarerr.sty
Package: infwarerr 2010/04/08 v1.3 Providing info/warning/error messages (HO)
) (/usr/share/texlive/texmf-dist/tex/generic/oberdiek/ltxcmds.sty
Package: ltxcmds 2011/11/09 v1.22 LaTeX kernel commands for general use (HO)
)
\Gread@gobject=\count100
))
\Gin@req@height=\dimen115
\Gin@req@width=\dimen116
)
(/usr/share/texlive/texmf-dist/tex/latex/pgf/systemlayer/pgfsys.sty
(/usr/share/texlive/texmf-dist/tex/generic/pgf/systemlayer/pgfsys.code.tex
Package: pgfsys 2010/06/30 v2.10 (rcs-revision 1.37)

(/usr/share/texlive/texmf-dist/tex/generic/pgf/utilities/pgfkeys.code.tex
\pgfkeys@pathtoks=\toks28
\pgfkeys@temptoks=\toks29

(/usr/share/texlive/texmf-dist/tex/generic/pgf/utilities/pgfkeysfiltered.code.t
ex
\pgfkeys@tmptoks=\toks30
))
\pgf@x=\dimen117
\pgf@y=\dimen118
\pgf@xa=\dimen119
\pgf@ya=\dimen120
\pgf@xb=\dimen121
\pgf@yb=\dimen122
\pgf@xc=\dimen123
\pgf@yc=\dimen124
\w@pgf@writea=\write3
\r@pgf@reada=\read1
\c@pgf@counta=\count101
\c@pgf@countb=\count102
\c@pgf@countc=\count103
\c@pgf@countd=\count104
 (/usr/share/texlive/texmf-dist/tex/generic/pgf/systemlayer/pgf.cfg
File: pgf.cfg 2008/05/14  (rcs-revision 1.7)
)
Package pgfsys Info: Driver file for pgf: pgfsys-pdftex.def on input line 900.

(/usr/share/texlive/texmf-dist/tex/generic/pgf/systemlayer/pgfsys-pdftex.def
File: pgfsys-pdftex.def 2009/05/22  (rcs-revision 1.26)

(/usr/share/texlive/texmf-dist/tex/generic/pgf/systemlayer/pgfsys-common-pdf.de
f
File: pgfsys-common-pdf.def 2008/05/19  (rcs-revision 1.10)
)))
(/usr/share/texlive/texmf-dist/tex/generic/pgf/systemlayer/pgfsyssoftpath.code.
tex
File: pgfsyssoftpath.code.tex 2008/07/18  (rcs-revision 1.7)
\pgfsyssoftpath@smallbuffer@items=\count105
\pgfsyssoftpath@bigbuffer@items=\count106
)
(/usr/share/texlive/texmf-dist/tex/generic/pgf/systemlayer/pgfsysprotocol.code.
tex
File: pgfsysprotocol.code.tex 2006/10/16  (rcs-revision 1.4)
)) (/usr/share/texlive/texmf-dist/tex/latex/xcolor/xcolor.sty
Package: xcolor 2007/01/21 v2.11 LaTeX color extensions (UK)

(/usr/share/texlive/texmf-dist/tex/latex/latexconfig/color.cfg
File: color.cfg 2007/01/18 v1.5 color configuration of teTeX/TeXLive
)
Package xcolor Info: Driver file: pdftex.def on input line 225.
Package xcolor Info: Model `cmy' substituted by `cmy0' on input line 1337.
Package xcolor Info: Model `hsb' substituted by `rgb' on input line 1341.
Package xcolor Info: Model `RGB' extended on input line 1353.
Package xcolor Info: Model `HTML' substituted by `rgb' on input line 1355.
Package xcolor Info: Model `Hsb' substituted by `hsb' on input line 1356.
Package xcolor Info: Model `tHsb' substituted by `hsb' on input line 1357.
Package xcolor Info: Model `HSB' substituted by `hsb' on input line 1358.
Package xcolor Info: Model `Gray' substituted by `gray' on input line 1359.
Package xcolor Info: Model `wave' substituted by `hsb' on input line 1360.
)
(/usr/share/texlive/texmf-dist/tex/generic/pgf/basiclayer/pgfcore.code.tex
Package: pgfcore 2010/04/11 v2.10 (rcs-revision 1.7)

(/usr/share/texlive/texmf-dist/tex/generic/pgf/math/pgfmath.code.tex
(/usr/share/texlive/texmf-dist/tex/generic/pgf/math/pgfmathcalc.code.tex
(/usr/share/texlive/texmf-dist/tex/generic/pgf/math/pgfmathutil.code.tex)
(/usr/share/texlive/texmf-dist/tex/generic/pgf/math/pgfmathparser.code.tex
\pgfmath@dimen=\dimen125
\pgfmath@count=\count107
\pgfmath@box=\box29
\pgfmath@toks=\toks31
\pgfmath@stack@operand=\toks32
\pgfmath@stack@operation=\toks33
)
(/usr/share/texlive/texmf-dist/tex/generic/pgf/math/pgfmathfunctions.code.tex
(/usr/share/texlive/texmf-dist/tex/generic/pgf/math/pgfmathfunctions.basic.code
.tex)
(/usr/share/texlive/texmf-dist/tex/generic/pgf/math/pgfmathfunctions.trigonomet
ric.code.tex)
(/usr/share/texlive/texmf-dist/tex/generic/pgf/math/pgfmathfunctions.random.cod
e.tex)
(/usr/share/texlive/texmf-dist/tex/generic/pgf/math/pgfmathfunctions.comparison
.code.tex)
(/usr/share/texlive/texmf-dist/tex/generic/pgf/math/pgfmathfunctions.base.code.
tex)
(/usr/share/texlive/texmf-dist/tex/generic/pgf/math/pgfmathfunctions.round.code
.tex)
(/usr/share/texlive/texmf-dist/tex/generic/pgf/math/pgfmathfunctions.misc.code.
tex)))
(/usr/share/texlive/texmf-dist/tex/generic/pgf/math/pgfmathfloat.code.tex
\c@pgfmathroundto@lastzeros=\count108
))
(/usr/share/texlive/texmf-dist/tex/generic/pgf/basiclayer/pgfcorepoints.code.te
x
File: pgfcorepoints.code.tex 2010/04/09  (rcs-revision 1.20)
\pgf@picminx=\dimen126
\pgf@picmaxx=\dimen127
\pgf@picminy=\dimen128
\pgf@picmaxy=\dimen129
\pgf@pathminx=\dimen130
\pgf@pathmaxx=\dimen131
\pgf@pathminy=\dimen132
\pgf@pathmaxy=\dimen133
\pgf@xx=\dimen134
\pgf@xy=\dimen135
\pgf@yx=\dimen136
\pgf@yy=\dimen137
\pgf@zx=\dimen138
\pgf@zy=\dimen139
)
(/usr/share/texlive/texmf-dist/tex/generic/pgf/basiclayer/pgfcorepathconstruct.
code.tex
File: pgfcorepathconstruct.code.tex 2010/08/03  (rcs-revision 1.24)
\pgf@path@lastx=\dimen140
\pgf@path@lasty=\dimen141
)
(/usr/share/texlive/texmf-dist/tex/generic/pgf/basiclayer/pgfcorepathusage.code
.tex
File: pgfcorepathusage.code.tex 2008/04/22  (rcs-revision 1.12)
\pgf@shorten@end@additional=\dimen142
\pgf@shorten@start@additional=\dimen143
)
(/usr/share/texlive/texmf-dist/tex/generic/pgf/basiclayer/pgfcorescopes.code.te
x
File: pgfcorescopes.code.tex 2010/09/08  (rcs-revision 1.34)
\pgfpic=\box30
\pgf@hbox=\box31
\pgf@layerbox@main=\box32
\pgf@picture@serial@count=\count109
)
(/usr/share/texlive/texmf-dist/tex/generic/pgf/basiclayer/pgfcoregraphicstate.c
ode.tex
File: pgfcoregraphicstate.code.tex 2008/04/22  (rcs-revision 1.9)
\pgflinewidth=\dimen144
)
(/usr/share/texlive/texmf-dist/tex/generic/pgf/basiclayer/pgfcoretransformation
s.code.tex
File: pgfcoretransformations.code.tex 2009/06/10  (rcs-revision 1.11)
\pgf@pt@x=\dimen145
\pgf@pt@y=\dimen146
\pgf@pt@temp=\dimen147
)
(/usr/share/texlive/texmf-dist/tex/generic/pgf/basiclayer/pgfcorequick.code.tex
File: pgfcorequick.code.tex 2008/10/09  (rcs-revision 1.3)
)
(/usr/share/texlive/texmf-dist/tex/generic/pgf/basiclayer/pgfcoreobjects.code.t
ex
File: pgfcoreobjects.code.tex 2006/10/11  (rcs-revision 1.2)
)
(/usr/share/texlive/texmf-dist/tex/generic/pgf/basiclayer/pgfcorepathprocessing
.code.tex
File: pgfcorepathprocessing.code.tex 2008/10/09  (rcs-revision 1.8)
)
(/usr/share/texlive/texmf-dist/tex/generic/pgf/basiclayer/pgfcorearrows.code.te
x
File: pgfcorearrows.code.tex 2008/04/23  (rcs-revision 1.11)
)
(/usr/share/texlive/texmf-dist/tex/generic/pgf/basiclayer/pgfcoreshade.code.tex
File: pgfcoreshade.code.tex 2008/11/23  (rcs-revision 1.13)
\pgf@max=\dimen148
\pgf@sys@shading@range@num=\count110
)
(/usr/share/texlive/texmf-dist/tex/generic/pgf/basiclayer/pgfcoreimage.code.tex
File: pgfcoreimage.code.tex 2010/03/25  (rcs-revision 1.16)

(/usr/share/texlive/texmf-dist/tex/generic/pgf/basiclayer/pgfcoreexternal.code.
tex
File: pgfcoreexternal.code.tex 2010/09/01  (rcs-revision 1.17)
\pgfexternal@startupbox=\box33
))
(/usr/share/texlive/texmf-dist/tex/generic/pgf/basiclayer/pgfcorelayers.code.te
x
File: pgfcorelayers.code.tex 2010/08/27  (rcs-revision 1.2)
)
(/usr/share/texlive/texmf-dist/tex/generic/pgf/basiclayer/pgfcoretransparency.c
ode.tex
File: pgfcoretransparency.code.tex 2008/01/17  (rcs-revision 1.2)
)
(/usr/share/texlive/texmf-dist/tex/generic/pgf/basiclayer/pgfcorepatterns.code.
tex
File: pgfcorepatterns.code.tex 2009/07/02  (rcs-revision 1.3)
)))
(/usr/share/texlive/texmf-dist/tex/generic/pgf/modules/pgfmoduleshapes.code.tex
File: pgfmoduleshapes.code.tex 2010/09/09  (rcs-revision 1.13)
\pgfnodeparttextbox=\box34
) (/usr/share/texlive/texmf-dist/tex/generic/pgf/modules/pgfmoduleplot.code.tex
File: pgfmoduleplot.code.tex 2010/10/22  (rcs-revision 1.8)
)
(/usr/share/texlive/texmf-dist/tex/latex/pgf/compatibility/pgfcomp-version-0-65
.sty
Package: pgfcomp-version-0-65 2007/07/03 v2.10 (rcs-revision 1.7)
\pgf@nodesepstart=\dimen149
\pgf@nodesepend=\dimen150
)
(/usr/share/texlive/texmf-dist/tex/latex/pgf/compatibility/pgfcomp-version-1-18
.sty
Package: pgfcomp-version-1-18 2007/07/23 v2.10 (rcs-revision 1.1)
)) (/usr/share/texlive/texmf-dist/tex/latex/pgf/utilities/pgffor.sty
(/usr/share/texlive/texmf-dist/tex/latex/pgf/utilities/pgfkeys.sty
(/usr/share/texlive/texmf-dist/tex/generic/pgf/utilities/pgfkeys.code.tex))
(/usr/share/texlive/texmf-dist/tex/generic/pgf/utilities/pgffor.code.tex
Package: pgffor 2010/03/23 v2.10 (rcs-revision 1.18)
\pgffor@iter=\dimen151
\pgffor@skip=\dimen152
\pgffor@stack=\toks34
\pgffor@toks=\toks35
))
(/usr/share/texlive/texmf-dist/tex/generic/pgf/frontendlayer/tikz/tikz.code.tex
Package: tikz 2010/10/13 v2.10 (rcs-revision 1.76)

(/usr/share/texlive/texmf-dist/tex/generic/pgf/libraries/pgflibraryplothandlers
.code.tex
File: pgflibraryplothandlers.code.tex 2010/05/31 v2.10 (rcs-revision 1.15)
\pgf@plot@mark@count=\count111
\pgfplotmarksize=\dimen153
)
\tikz@lastx=\dimen154
\tikz@lasty=\dimen155
\tikz@lastxsaved=\dimen156
\tikz@lastysaved=\dimen157
\tikzleveldistance=\dimen158
\tikzsiblingdistance=\dimen159
\tikz@figbox=\box35
\tikz@tempbox=\box36
\tikztreelevel=\count112
\tikznumberofchildren=\count113
\tikznumberofcurrentchild=\count114
\tikz@fig@count=\count115

(/usr/share/texlive/texmf-dist/tex/generic/pgf/modules/pgfmodulematrix.code.tex
File: pgfmodulematrix.code.tex 2010/08/24  (rcs-revision 1.4)
\pgfmatrixcurrentrow=\count116
\pgfmatrixcurrentcolumn=\count117
\pgf@matrix@numberofcolumns=\count118
)
\tikz@expandcount=\count119

(/usr/share/texlive/texmf-dist/tex/generic/pgf/frontendlayer/tikz/libraries/tik
zlibrarytopaths.code.tex
File: tikzlibrarytopaths.code.tex 2008/06/17 v2.10 (rcs-revision 1.2)
)))
(/usr/share/texlive/texmf-dist/tex/generic/pgf/frontendlayer/tikz/libraries/tik
zlibrarymatrix.code.tex
File: tikzlibrarymatrix.code.tex 2008/06/18 v2.10 (rcs-revision 1.2)
)
(/usr/share/texlive/texmf-dist/tex/generic/pgf/frontendlayer/tikz/libraries/tik
zlibrarychains.code.tex
File: tikzlibrarychains.code.tex 2008/02/27 v2.10 (rcs-revision 1.5)

(/usr/share/texlive/texmf-dist/tex/generic/pgf/frontendlayer/tikz/libraries/tik
zlibrarypositioning.code.tex
File: tikzlibrarypositioning.code.tex 2008/10/06 v2.10 (rcs-revision 1.7)
))
(/usr/share/texlive/texmf-dist/tex/generic/pgf/frontendlayer/tikz/libraries/tik
zlibrarydecorations.pathreplacing.code.tex
(/usr/share/texlive/texmf-dist/tex/generic/pgf/frontendlayer/tikz/libraries/tik
zlibrarydecorations.code.tex
(/usr/share/texlive/texmf-dist/tex/generic/pgf/modules/pgfmoduledecorations.cod
e.tex
\pgfdecoratedcompleteddistance=\dimen160
\pgfdecoratedremainingdistance=\dimen161
\pgfdecoratedinputsegmentcompleteddistance=\dimen162
\pgfdecoratedinputsegmentremainingdistance=\dimen163
\pgf@decorate@distancetomove=\dimen164
\pgf@decorate@repeatstate=\count120
\pgfdecorationsegmentamplitude=\dimen165
\pgfdecorationsegmentlength=\dimen166
)
\tikz@lib@dec@box=\box37
)
(/usr/share/texlive/texmf-dist/tex/generic/pgf/libraries/decorations/pgflibrary
decorations.pathreplacing.code.tex))
(/usr/share/texlive/texmf-dist/tex/generic/pgf/frontendlayer/tikz/libraries/tik
zlibraryarrows.code.tex
File: tikzlibraryarrows.code.tex 2008/01/09 v2.10 (rcs-revision 1.1)

(/usr/share/texlive/texmf-dist/tex/generic/pgf/libraries/pgflibraryarrows.code.
tex
File: pgflibraryarrows.code.tex 2008/10/27 v2.10 (rcs-revision 1.9)
\arrowsize=\dimen167
)) (./algorithmicx.sty
Package: algorithmicx 2005/04/27 v1.2 Algorithmicx

(/usr/share/texlive/texmf-dist/tex/latex/base/ifthen.sty
Package: ifthen 2001/05/26 v1.1c Standard LaTeX ifthen package (DPC)
)
Document Style algorithmicx 1.2 - a greatly improved `algorithmic' style
\c@ALG@line=\count121
\c@ALG@rem=\count122
\c@ALG@nested=\count123
\ALG@tlm=\skip49
\ALG@thistlm=\skip50
\c@ALG@Lnr=\count124
\c@ALG@blocknr=\count125
\c@ALG@storecount=\count126
\c@ALG@tmpcounter=\count127
\ALG@tmplength=\skip51
) (./algpseudocode.sty
Package: algpseudocode 

Document Style - pseudocode environments for use with the `algorithmicx' style
) (/usr/share/texlive/texmf-dist/tex/latex/algorithms/algorithm.sty
Package: algorithm 2009/08/24 v0.1 Document Style `algorithm' - floating enviro
nment

(/usr/share/texlive/texmf-dist/tex/latex/float/float.sty
Package: float 2001/11/08 v1.3d Float enhancements (AL)
\c@float@type=\count128
\float@exts=\toks36
\float@box=\box38
\@float@everytoks=\toks37
\@floatcapt=\box39
)
\@float@every@algorithm=\toks38
\c@algorithm=\count129
) (./ulem.sty
\UL@box=\box40
\UL@hyphenbox=\box41
\UL@skip=\skip52
\UL@hook=\toks39
\UL@height=\dimen168
\UL@pe=\count130
\UL@pixel=\dimen169
\ULC@box=\box42
Package: ulem 2012/05/18
\ULdepth=\dimen170
)
(/usr/share/texlive/texmf-dist/tex/latex/caption/caption.sty
Package: caption 2013/05/02 v3.3-89 Customizing captions (AR)

(/usr/share/texlive/texmf-dist/tex/latex/caption/caption3.sty
Package: caption3 2013/05/02 v1.6-88 caption3 kernel (AR)
Package caption3 Info: TeX engine: e-TeX on input line 57.
\captionmargin=\dimen171
\captionmargin@=\dimen172
\captionwidth=\dimen173
\caption@tempdima=\dimen174
\caption@indent=\dimen175
\caption@parindent=\dimen176
\caption@hangindent=\dimen177
)
\c@ContinuedFloat=\count131
Package caption Info: float package is loaded.
)
(/usr/share/texlive/texmf-dist/tex/latex/caption/subcaption.sty
Package: subcaption 2013/02/03 v1.1-62 Sub-captions (AR)
\c@subfigure=\count132
\c@subtable=\count133
)
(./booktabs.sty
Package: booktabs 2005/04/14 v1.61803 publication quality tables
\heavyrulewidth=\dimen178
\lightrulewidth=\dimen179
\cmidrulewidth=\dimen180
\belowrulesep=\dimen181
\belowbottomsep=\dimen182
\aboverulesep=\dimen183
\abovetopsep=\dimen184
\cmidrulesep=\dimen185
\cmidrulekern=\dimen186
\defaultaddspace=\dimen187
\@cmidla=\count134
\@cmidlb=\count135
\@aboverulesep=\dimen188
\@belowrulesep=\dimen189
\@thisruleclass=\count136
\@lastruleclass=\count137
\@thisrulewidth=\dimen190
) (./qtree.sty
Package: 2008/12/12 v.3.1bQtree: tree-drawing for linguistics
Package: qtree 2008/12/12 v.3.1bQtree: tree-drawing for linguistics
(./pict2e.sty
Package: pict2e 2006/03/05 v0.2s Improved picture commands (HjG,RN)
Package pict2e Info: Driver file: pdftex.def on input line 99.
Package pict2e Info: Driver file for pict2e: p2e-pdftex.def on input line 101.
 (./p2e-pdftex.def
File: p2e-pdftex.def 2004/06/25 v0.1r Driver-dependant file (RN,HjG)
)
\pIIe@GRAPH=\toks40
)
\c@treecount=\count138
\c@branchcount=\count139
\parentbox=\box43
\treebox=\box44
\treeboxone=\box45
\treeboxtwo=\box46
\treeboxthree=\box47
\treeboxfour=\box48
\treeboxfive=\box49
\treeboxsix=\box50
\treeboxseven=\box51
\treeboxeight=\box52
\treeboxnine=\box53
\treeboxten=\box54
\treeboxeleven=\box55
\treeboxtwelve=\box56
\treeboxthirteen=\box57
\treeboxfourteen=\box58
\treeboxfifteen=\box59
\treeboxsixteen=\box60
\treeboxseventeen=\box61
\treeboxeighteen=\box62
\treeboxnineteen=\box63
\treeboxtwenty=\box64
\treeoffsetone=\skip53
\treeoffsettwo=\skip54
\treeoffsetthree=\skip55
\treeoffsetfour=\skip56
\treeoffsetfive=\skip57
\treeoffsetsix=\skip58
\treeoffsetseven=\skip59
\treeoffseteight=\skip60
\treeoffsetnine=\skip61
\treeoffsetten=\skip62
\treeoffseteleven=\skip63
\treeoffsettwelve=\skip64
\treeoffsetthirteen=\skip65
\treeoffsetfourteen=\skip66
\treeoffsetfifteen=\skip67
\treeoffsetsixteen=\skip68
\treeoffsetseventeen=\skip69
\treeoffseteighteen=\skip70
\treeoffsetnineteen=\skip71
\treeoffsettwenty=\skip72
\treeshiftone=\skip73
\treeshifttwo=\skip74
\treeshiftthree=\skip75
\treeshiftfour=\skip76
\treeshiftfive=\skip77
\treeshiftsix=\skip78
\treeshiftseven=\skip79
\treeshifteight=\skip80
\treeshiftnine=\skip81
\treeshiftten=\skip82
\treeshifteleven=\skip83
\treeshifttwelve=\skip84
\treeshiftthirteen=\skip85
\treeshiftfourteen=\skip86
\treeshiftfifteen=\skip87
\treeshiftsixteen=\skip88
\treeshiftseventeen=\skip89
\treeshifteighteen=\skip90
\treeshiftnineteen=\skip91
\treeshifttwenty=\skip92
\treewidthone=\skip93
\treewidthtwo=\skip94
\treewidththree=\skip95
\treewidthfour=\skip96
\treewidthfive=\skip97
\treewidthsix=\skip98
\treewidthseven=\skip99
\treewidtheight=\skip100
\treewidthnine=\skip101
\treewidthten=\skip102
\treewidtheleven=\skip103
\treewidthtwelve=\skip104
\treewidththirteen=\skip105
\treewidthfourteen=\skip106
\treewidthfifteen=\skip107
\treewidthsixteen=\skip108
\treewidthseventeen=\skip109
\treewidtheighteen=\skip110
\treewidthnineteen=\skip111
\treewidthtwenty=\skip112
\daughteroffsetone=\skip113
\daughteroffsettwo=\skip114
\daughteroffsetthree=\skip115
\daughteroffsetfour=\skip116
\branchwidthone=\skip117
\branchwidthtwo=\skip118
\branchwidththree=\skip119
\branchwidthfour=\skip120
\parentoffset=\skip121
\treeoffset=\skip122
\daughteroffset=\skip123
\branchwidth=\skip124
\parentwidth=\skip125
\treewidth=\skip126
\qta=\toks41
\qtb=\toks42
\nbranches=\count140
\qroofx=\count141
\qroofy=\count142
\@qrscratchbox=\box65
)
(/usr/share/texlive/texmf-dist/tex/latex/geometry/geometry.sty
Package: geometry 2010/09/12 v5.6 Page Geometry

(/usr/share/texlive/texmf-dist/tex/generic/oberdiek/ifpdf.sty
Package: ifpdf 2011/01/30 v2.3 Provides the ifpdf switch (HO)
Package ifpdf Info: pdfTeX in PDF mode is detected.
)
(/usr/share/texlive/texmf-dist/tex/generic/oberdiek/ifvtex.sty
Package: ifvtex 2010/03/01 v1.5 Detect VTeX and its facilities (HO)
Package ifvtex Info: VTeX not detected.
)
(/usr/share/texlive/texmf-dist/tex/generic/ifxetex/ifxetex.sty
Package: ifxetex 2010/09/12 v0.6 Provides ifxetex conditional
)
\Gm@cnth=\count143
\Gm@cntv=\count144
\c@Gm@tempcnt=\count145
\Gm@bindingoffset=\dimen191
\Gm@wd@mp=\dimen192
\Gm@odd@mp=\dimen193
\Gm@even@mp=\dimen194
\Gm@layoutwidth=\dimen195
\Gm@layoutheight=\dimen196
\Gm@layouthoffset=\dimen197
\Gm@layoutvoffset=\dimen198
\Gm@dimlist=\toks43
)
(/usr/share/texlive/texmf-dist/tex/latex/parskip/parskip.sty
Package: parskip 2001/04/09 non-zero parskip adjustments
) (./lastpage.sty
Package: lastpage 1994/06/25 v0.1b LaTeX2e package for refs to last page number
 (JPG)
)
(/usr/share/texlive/texmf-dist/tex/latex/setspace/setspace.sty
Package: setspace 2011/12/19 v6.7a set line spacing
)

LaTeX Warning: Unused global option(s):
    [lettersize].

(./Final.aux

LaTeX Warning: Label `fig:imgword' multiply defined.

)
\openout1 = `Final.aux'.

LaTeX Font Info:    Checking defaults for OML/cmm/m/it on input line 56.
LaTeX Font Info:    ... okay on input line 56.
LaTeX Font Info:    Checking defaults for T1/cmr/m/n on input line 56.
LaTeX Font Info:    ... okay on input line 56.
LaTeX Font Info:    Checking defaults for OT1/cmr/m/n on input line 56.
LaTeX Font Info:    ... okay on input line 56.
LaTeX Font Info:    Checking defaults for OMS/cmsy/m/n on input line 56.
LaTeX Font Info:    ... okay on input line 56.
LaTeX Font Info:    Checking defaults for OMX/cmex/m/n on input line 56.
LaTeX Font Info:    ... okay on input line 56.
LaTeX Font Info:    Checking defaults for U/cmr/m/n on input line 56.
LaTeX Font Info:    ... okay on input line 56.
LaTeX Font Info:    Try loading font information for OT1+ppl on input line 56.
 (/usr/share/texlive/texmf-dist/tex/latex/psnfss/ot1ppl.fd
File: ot1ppl.fd 2001/06/04 font definitions for OT1/ppl.
)
ABD: EveryShipout initializing macros
(/usr/share/texlive/texmf-dist/tex/context/base/supp-pdf.mkii
[Loading MPS to PDF converter (version 2006.09.02).]
\scratchcounter=\count146
\scratchdimen=\dimen199
\scratchbox=\box66
\nofMPsegments=\count147
\nofMParguments=\count148
\everyMPshowfont=\toks44
\MPscratchCnt=\count149
\MPscratchDim=\dimen200
\MPnumerator=\count150
\makeMPintoPDFobject=\count151
\everyMPtoPDFconversion=\toks45
) (/usr/share/texlive/texmf-dist/tex/generic/oberdiek/pdftexcmds.sty
Package: pdftexcmds 2011/11/29 v0.20 Utility functions of pdfTeX for LuaTeX (HO
)

(/usr/share/texlive/texmf-dist/tex/generic/oberdiek/ifluatex.sty
Package: ifluatex 2010/03/01 v1.3 Provides the ifluatex switch (HO)
Package ifluatex Info: LuaTeX not detected.
)
Package pdftexcmds Info: LuaTeX not detected.
Package pdftexcmds Info: \pdf@primitive is available.
Package pdftexcmds Info: \pdf@ifprimitive is available.
Package pdftexcmds Info: \pdfdraftmode found.
)
(/usr/share/texlive/texmf-dist/tex/latex/oberdiek/epstopdf-base.sty
Package: epstopdf-base 2010/02/09 v2.5 Base part for package epstopdf

(/usr/share/texlive/texmf-dist/tex/latex/oberdiek/grfext.sty
Package: grfext 2010/08/19 v1.1 Manage graphics extensions (HO)

(/usr/share/texlive/texmf-dist/tex/generic/oberdiek/kvdefinekeys.sty
Package: kvdefinekeys 2011/04/07 v1.3 Define keys (HO)
))
(/usr/share/texlive/texmf-dist/tex/latex/oberdiek/kvoptions.sty
Package: kvoptions 2011/06/30 v3.11 Key value format for package options (HO)

(/usr/share/texlive/texmf-dist/tex/generic/oberdiek/kvsetkeys.sty
Package: kvsetkeys 2012/04/25 v1.16 Key value parser (HO)

(/usr/share/texlive/texmf-dist/tex/generic/oberdiek/etexcmds.sty
Package: etexcmds 2011/02/16 v1.5 Avoid name clashes with e-TeX commands (HO)
Package etexcmds Info: Could not find \expanded.
(etexcmds)             That can mean that you are not using pdfTeX 1.50 or
(etexcmds)             that some package has redefined \expanded.
(etexcmds)             In the latter case, load this package earlier.
)))
Package grfext Info: Graphics extension search list:
(grfext)             [.png,.pdf,.jpg,.mps,.jpeg,.jbig2,.jb2,.PNG,.PDF,.JPG,.JPE
G,.JBIG2,.JB2,.eps]
(grfext)             \AppendGraphicsExtensions on input line 452.

(/usr/share/texlive/texmf-dist/tex/latex/latexconfig/epstopdf-sys.cfg
File: epstopdf-sys.cfg 2010/07/13 v1.3 Configuration of (r)epstopdf for TeX Liv
e
))
Package caption Info: Begin \AtBeginDocument code.
Package caption Info: End \AtBeginDocument code.

*geometry* driver: auto-detecting
*geometry* detected driver: pdftex
*geometry* verbose mode - [ preamble ] result:
* driver: pdftex
* paper: <default>
* layout: <same size as paper>
* layoutoffset:(h,v)=(0.0pt,0.0pt)
* modes: twoside 
* h-part:(L,W,R)=(56.9055pt, 500.484pt, 56.9055pt)
* v-part:(T,H,B)=(56.9055pt, 681.15898pt, 56.9055pt)
* \paperwidth=614.295pt
* \paperheight=794.96999pt
* \textwidth=500.484pt
* \textheight=681.15898pt
* \oddsidemargin=-15.36449pt
* \evensidemargin=-15.36449pt
* \topmargin=-47.23828pt
* \headheight=12.0pt
* \headsep=19.8738pt
* \topskip=12.0pt
* \footskip=30.0pt
* \marginparwidth=98.0pt
* \marginparsep=7.0pt
* \columnsep=10.0pt
* \skip\footins=10.8pt plus 4.0pt minus 2.0pt
* \hoffset=0.0pt
* \voffset=0.0pt
* \mag=1000
* \@twocolumnfalse
* \@twosidetrue
* \@mparswitchtrue
* \@reversemarginfalse
* (1in=72.27pt=25.4mm, 1cm=28.453pt)

(./Title.tex
Underfull \hbox (badness 10000) in paragraph at lines 2--9

 []


Underfull \hbox (badness 10000) in paragraph at lines 2--9

 []


Underfull \hbox (badness 10000) in paragraph at lines 2--9

 []


Underfull \hbox (badness 10000) in paragraph at lines 2--9

 []


Underfull \hbox (badness 10000) in paragraph at lines 2--9

 []


Underfull \hbox (badness 10000) in paragraph at lines 2--9

 []


Underfull \hbox (badness 10000) in paragraph at lines 2--9

 []

[1


{/usr/share/texlive/texmf-dist/fonts/map/pdftex/updmap/pdftex.map}])
(./Abstract.tex
LaTeX Font Info:    Font shape `OT1/ppl/bx/n' in size <24.88> not available
(Font)              Font shape `OT1/ppl/b/n' tried instead on input line 1.
) (./Acknowledgement.tex [1

] [2

]) [3] [4

] (./Final.toc
LaTeX Font Info:    Font shape `OT1/ppl/bx/n' in size <12> not available
(Font)              Font shape `OT1/ppl/b/n' tried instead on input line 1.
 [5])
\tf@toc=\write4
\openout4 = `Final.toc'.


[6] (./Final.lot)
\tf@lot=\write5
\openout5 = `Final.lot'.

 [7

] [8

] (./Final.lof)
\tf@lof=\write6
\openout6 = `Final.lof'.

 (./Introduction.tex [1] [2

]
Chapter 1.

Underfull \vbox (badness 10000) has occurred while \output is active []

 [3]
LaTeX Font Info:    Font shape `OT1/ppl/bx/n' in size <17.28> not available
(Font)              Font shape `OT1/ppl/b/n' tried instead on input line 17.
)
(./Background.tex [4]
Chapter 2.

Overfull \hbox (2.67012pt too wide) in paragraph at lines 3--4
\OT1/ppl/m/n/12 Deep ar-chi-tec-ture and re-cur-rent topol-ogy have been sig-ni
f-i-cantly de-vel-oped over the last decade
 []

(./neuron2.tex)
Underfull \vbox (badness 1789) has occurred while \output is active []

 [5

]
(./sigmoid.tex)
LaTeX Font Info:    Font shape `OT1/ppl/bx/n' in size <14.4> not available
(Font)              Font shape `OT1/ppl/b/n' tried instead on input line 36.
 [6] (./nnet1.tex
Overfull \hbox (3.88297pt too wide) in paragraph at lines 21--21
 []\OT1/ppl/m/n/12 Hidden 
 []


Overfull \hbox (1.95067pt too wide) in paragraph at lines 21--21
 []\OT1/ppl/m/n/12 Output 
 []

) [7]
Underfull \vbox (badness 2662) has occurred while \output is active []

 [8]
<cnn.png, id=73, 544.1931pt x 127.1952pt>
File: cnn.png Graphic file (type png)
 <use cnn.png>
Package pdftex.def Info: cnn.png used on input line 110.
(pdftex.def)             Requested size: 500.484pt x 116.9783pt.

<filters.png, id=75, 981.6675pt x 385.44pt>
File: filters.png Graphic file (type png)
 <use filters.png>
Package pdftex.def Info: filters.png used on input line 116.
(pdftex.def)             Requested size: 500.484pt x 196.5071pt.
Missing character: There is no Â in font pplr7t!
Missing character: There is no ­ in font pplr7t!
 [9 <./cnn.png>]
(./rnn.tex) [10 <./filters.png>] (./lstm.tex) [11] (./bptt_unfold.tex) [12]
[13] [14] <red.jpg, id=98, 642.4pt x 481.8pt>
File: red.jpg Graphic file (type jpg)
 <use red.jpg>
Package pdftex.def Info: red.jpg used on input line 208.
(pdftex.def)             Requested size: 150.14671pt x 112.60547pt.

<black.jpg, id=99, 642.4pt x 481.8pt>
File: black.jpg Graphic file (type jpg)
 <use black.jpg>
Package pdftex.def Info: black.jpg used on input line 214.
(pdftex.def)             Requested size: 150.14671pt x 112.60547pt.

<blind.jpg, id=100, 642.4pt x 481.8pt>
File: blind.jpg Graphic file (type jpg)
 <use blind.jpg>
Package pdftex.def Info: blind.jpg used on input line 220.
(pdftex.def)             Requested size: 150.14671pt x 112.60547pt.

<sink.jpg, id=101, 642.4pt x 481.8pt>
File: sink.jpg Graphic file (type jpg)
 <use sink.jpg>
Package pdftex.def Info: sink.jpg used on input line 226.
(pdftex.def)             Requested size: 150.14671pt x 112.60547pt.

<brown.jpg, id=102, 642.4pt x 481.8pt>
File: brown.jpg Graphic file (type jpg)
 <use brown.jpg>
Package pdftex.def Info: brown.jpg used on input line 232.
(pdftex.def)             Requested size: 150.14671pt x 112.60547pt.

Underfull \hbox (badness 1142) in paragraph at lines 234--234
[]\OT1/ppl/m/n/10.95 (e) |Colour am-bi-gu-ity due to
 []

<paper.jpg, id=103, 642.4pt x 481.8pt>
File: paper.jpg Graphic file (type jpg)
 <use paper.jpg>
Package pdftex.def Info: paper.jpg used on input line 238.
(pdftex.def)             Requested size: 150.14671pt x 112.60547pt.

Underfull \vbox (badness 10000) has occurred while \output is active []

 [15 <./red.jpg> <./black.jpg> <./blind.jpg> <./sink.jpg> <./brown.jpg> <./pape
r.jpg>])
(./Current.tex [16]
Chapter 3.
[17

] [18] (./imgword.tex) (./bidir_imgword.tex)

LaTeX Warning: `h' float specifier changed to `ht'.


Underfull \vbox (badness 10000) has occurred while \output is active []

 [19]
Underfull \vbox (badness 10000) has occurred while \output is active []

 [20]
<bed_vs_table.jpg, id=123, 642.4pt x 481.8pt>
File: bed_vs_table.jpg Graphic file (type jpg)
 <use bed_vs_table.jpg>
Package pdftex.def Info: bed_vs_table.jpg used on input line 73.
(pdftex.def)             Requested size: 150.14671pt x 112.60547pt.

<fridge_vs_toilet.jpg, id=124, 642.4pt x 481.8pt>
File: fridge_vs_toilet.jpg Graphic file (type jpg)
 <use fridge_vs_toilet.jpg>
Package pdftex.def Info: fridge_vs_toilet.jpg used on input line 82.
(pdftex.def)             Requested size: 150.14671pt x 112.60547pt.

Underfull \hbox (badness 1895) in paragraph at lines 87--87
[]\OT1/ppl/m/n/10.95 (b) |The vi-sual model rec-og-
 []

<three_vs_three.jpg, id=125, 642.4pt x 481.8pt>
File: three_vs_three.jpg Graphic file (type jpg)
 <use three_vs_three.jpg>
Package pdftex.def Info: three_vs_three.jpg used on input line 91.
(pdftex.def)             Requested size: 150.14671pt x 112.60547pt.

Underfull \hbox (badness 2478) in paragraph at lines 96--96
[]\OT1/ppl/m/n/10.95 (c) |No ev-i-dence shows that
 []


LaTeX Warning: `h' float specifier changed to `ht'.

[21 <./bed_vs_table.jpg> <./fridge_vs_toilet.jpg> <./three_vs_three.jpg>]
[22]
Underfull \vbox (badness 10000) has occurred while \output is active []

 [23]
LaTeX Font Info:    Font shape `OT1/ppl/bx/n' in size <10.95> not available
(Font)              Font shape `OT1/ppl/b/n' tried instead on input line 283.


LaTeX Warning: `h' float specifier changed to `ht'.


LaTeX Warning: `h' float specifier changed to `ht'.


LaTeX Warning: `h' float specifier changed to `ht'.


Underfull \vbox (badness 1571) has occurred while \output is active []

 [24]
[25] [26]
Overfull \hbox (16.91904pt too wide) in paragraph at lines 391--401
[][] 
 []


LaTeX Warning: `h' float specifier changed to `ht'.


LaTeX Warning: `h' float specifier changed to `ht'.

[27]
Underfull \vbox (badness 10000) has occurred while \output is active []

 [28]
<formation1.jpg, id=153, 642.4pt x 428.60126pt>
File: formation1.jpg Graphic file (type jpg)
 <use formation1.jpg>
Package pdftex.def Info: formation1.jpg used on input line 481.
(pdftex.def)             Requested size: 150.14063pt x 105.10304pt.

Underfull \hbox (badness 10000) in paragraph at lines 481--485
[][]
 []


Underfull \hbox (badness 3128) in paragraph at lines 481--485
\OT1/ppl/m/n/10 Q683: how many mil-i-tary jet
 []


Underfull \hbox (badness 7116) in paragraph at lines 481--485
\OT1/ppl/m/n/10 fighter is fly-ing in for-ma-tion
 []


Underfull \hbox (badness 10000) in paragraph at lines 481--485

 []

<formation2.jpg, id=154, 642.4pt x 458.71375pt>
File: formation2.jpg Graphic file (type jpg)
 <use formation2.jpg>
Package pdftex.def Info: formation2.jpg used on input line 488.
(pdftex.def)             Requested size: 150.14063pt x 105.09598pt.

Underfull \hbox (badness 10000) in paragraph at lines 488--492
[][]
 []


Underfull \hbox (badness 10000) in paragraph at lines 488--492

 []

<formation3.jpg, id=155, 642.4pt x 428.60126pt>
File: formation3.jpg Graphic file (type jpg)
 <use formation3.jpg>
Package pdftex.def Info: formation3.jpg used on input line 495.
(pdftex.def)             Requested size: 150.14063pt x 105.10304pt.

Underfull \hbox (badness 10000) in paragraph at lines 495--499
[][]
 []


Underfull \hbox (badness 10000) in paragraph at lines 495--499

 []

<giraffe1.jpg, id=156, 501.875pt x 334.24875pt>
File: giraffe1.jpg Graphic file (type jpg)
 <use giraffe1.jpg>
Package pdftex.def Info: giraffe1.jpg used on input line 502.
(pdftex.def)             Requested size: 150.15012pt x 105.10019pt.

Underfull \hbox (badness 1348) in paragraph at lines 502--506
\OT1/ppl/m/n/10 Q8325: how many gi-raffes are
 []


Underfull \hbox (badness 3657) in paragraph at lines 502--506
\OT1/ppl/m/n/10 par-tially hid-den in brush and
 []

<giraffe2.jpg, id=157, 642.4pt x 481.8pt>
File: giraffe2.jpg Graphic file (type jpg)
 <use giraffe2.jpg>
Package pdftex.def Info: giraffe2.jpg used on input line 509.
(pdftex.def)             Requested size: 150.14063pt x 105.09941pt.

Underfull \hbox (badness 10000) in paragraph at lines 509--513
[][]
 []

<giraffe3.jpg, id=158, 501.875pt x 334.24875pt>
File: giraffe3.jpg Graphic file (type jpg)
 <use giraffe3.jpg>
Package pdftex.def Info: giraffe3.jpg used on input line 516.
(pdftex.def)             Requested size: 150.15012pt x 105.10019pt.

<two1.jpg, id=159, 361.35pt x 271.0125pt>
File: two1.jpg Graphic file (type jpg)
 <use two1.jpg>
Package pdftex.def Info: two1.jpg used on input line 528.
(pdftex.def)             Requested size: 150.14491pt x 105.10309pt.

Underfull \hbox (badness 10000) in paragraph at lines 528--532
[][]
 []

<two2.jpg, id=160, 642.4pt x 481.8pt>
File: two2.jpg Graphic file (type jpg)
 <use two2.jpg>
Package pdftex.def Info: two2.jpg used on input line 535.
(pdftex.def)             Requested size: 150.14063pt x 105.09941pt.

Underfull \hbox (badness 10000) in paragraph at lines 535--539
[][]
 []

<two3.jpg, id=161, 642.4pt x 428.60126pt>
File: two3.jpg Graphic file (type jpg)
 <use two3.jpg>
Package pdftex.def Info: two3.jpg used on input line 542.
(pdftex.def)             Requested size: 150.14063pt x 105.10304pt.

Underfull \hbox (badness 10000) in paragraph at lines 542--546
[][]
 []


Underfull \hbox (badness 3895) in paragraph at lines 542--546
\OT1/ppl/m/n/10 rac-ers pos-ing on their parked
 []

<banana1.jpg, id=162, 642.4pt x 428.60126pt>
File: banana1.jpg Graphic file (type jpg)
 <use banana1.jpg>
Package pdftex.def Info: banana1.jpg used on input line 553.
(pdftex.def)             Requested size: 150.14063pt x 105.10304pt.

Underfull \hbox (badness 10000) in paragraph at lines 553--557
[][]
 []


Underfull \hbox (badness 10000) in paragraph at lines 553--557

 []

<banana2.jpg, id=163, 428.60126pt x 642.4pt>
File: banana2.jpg Graphic file (type jpg)
 <use banana2.jpg>
Package pdftex.def Info: banana2.jpg used on input line 560.
(pdftex.def)             Requested size: 150.14348pt x 105.09943pt.

Underfull \hbox (badness 10000) in paragraph at lines 560--564
[][]
 []


Underfull \hbox (badness 10000) in paragraph at lines 560--564

 []

<banana3.jpg, id=164, 642.4pt x 428.60126pt>
File: banana3.jpg Graphic file (type jpg)
 <use banana3.jpg>
Package pdftex.def Info: banana3.jpg used on input line 567.
(pdftex.def)             Requested size: 150.14063pt x 105.10304pt.

Underfull \hbox (badness 10000) in paragraph at lines 567--571
[][]
 []


Underfull \hbox (badness 10000) in paragraph at lines 567--571

 []

<cat1.jpg, id=165, 642.4pt x 428.60126pt>
File: cat1.jpg Graphic file (type jpg)
 <use cat1.jpg>
Package pdftex.def Info: cat1.jpg used on input line 574.
(pdftex.def)             Requested size: 150.14063pt x 105.10304pt.

Underfull \hbox (badness 10000) in paragraph at lines 574--578
[][]
 []

<cat2.jpg, id=166, 642.4pt x 428.60126pt>
File: cat2.jpg Graphic file (type jpg)
 <use cat2.jpg>
Package pdftex.def Info: cat2.jpg used on input line 581.
(pdftex.def)             Requested size: 150.14063pt x 105.10304pt.

Underfull \hbox (badness 10000) in paragraph at lines 581--585
[][]
 []

<cat3.jpg, id=167, 642.4pt x 428.60126pt>
File: cat3.jpg Graphic file (type jpg)
 <use cat3.jpg>
Package pdftex.def Info: cat3.jpg used on input line 588.
(pdftex.def)             Requested size: 150.14063pt x 105.10304pt.

Underfull \hbox (badness 10000) in paragraph at lines 588--592
[][]
 []

<motorcycle1.jpg, id=168, 642.4pt x 430.60875pt>
File: motorcycle1.jpg Graphic file (type jpg)
 <use motorcycle1.jpg>
Package pdftex.def Info: motorcycle1.jpg used on input line 600.
(pdftex.def)             Requested size: 150.14063pt x 105.10254pt.

Underfull \hbox (badness 10000) in paragraph at lines 600--605
[][]
 []

<onbed.jpg, id=169, 501.875pt x 376.40625pt>
File: onbed.jpg Graphic file (type jpg)
 <use onbed.jpg>
Package pdftex.def Info: onbed.jpg used on input line 608.
(pdftex.def)             Requested size: 150.15012pt x 105.1001pt.

<birdcat.jpg, id=170, 256.96pt x 192.72pt>
File: birdcat.jpg Graphic file (type jpg)
 <use birdcat.jpg>
Package pdftex.def Info: birdcat.jpg used on input line 616.
(pdftex.def)             Requested size: 150.1465pt x 105.10236pt.

Underfull \hbox (badness 10000) in paragraph at lines 616--621
[][]
 []


Underfull \hbox (badness 1895) in paragraph at lines 616--621
\OT1/ppl/m/n/10 Q2472: what is sit-ting on the
 []

) (./Discussion.tex [29] [30] [31 <./formation1.jpg> <./formation2.jpg> <./form
ation3.jpg> <./giraffe1.jpg> <./giraffe2.jpg> <./giraffe3.jpg> <./two1.jpg> <./
two2.jpg> <./two3.jpg>] [32 <./banana1.jpg> <./banana2.jpg> <./banana3.jpg> <./
cat1.jpg> <./cat2.jpg> <./cat3.jpg> <./motorcycle1.jpg> <./onbed.jpg> <./birdca
t.jpg>]
Chapter 4.
[33

] [34]) (./Future.tex [35] [36]
Chapter 5.

Underfull \vbox (badness 10000) has occurred while \output is active []

 [37

]
[38]) (./Conclusion.tex [39] [40

]
Chapter 6.
) (./Appendix.tex [41] [42

]
Appendix A.

Underfull \vbox (badness 6944) has occurred while \output is active []

 [43]
[44] [45] [46

]
Appendix B.

Underfull \vbox (badness 10000) has occurred while \output is active []

 [47]
[48]
Underfull \vbox (badness 10000) has occurred while \output is active []

 [49])
(./Final.bbl [50]
Underfull \hbox (badness 10000) in paragraph at lines 75--78
[]\OT1/ppl/m/n/12 DeepLearning.net, ``Lenet.'' [On-line]. Avail-able:
 []


Underfull \vbox (badness 10000) has occurred while \output is active []

 [51

]
Underfull \vbox (badness 10000) has occurred while \output is active []

 [52]
Underfull \vbox (badness 10000) has occurred while \output is active []

 [53]
Underfull \hbox (badness 2932) in paragraph at lines 245--249
[]\OT1/ppl/m/n/12 S. Bird, ``NLTK: the nat-u-ral lan-guage toolkit,'' in |   []
   |   []   |   []   |   []
 []

) AED: lastpage setting LastPage [54] (./Final.aux)

LaTeX Warning: There were multiply-defined labels.

 )
(\end occurred inside a group at level 1)

### semi simple group (level 1) entered at line 50 (\begingroup)
### bottom level 
Here is how much of TeX's memory you used:
 15021 strings out of 495034
 278345 string characters out of 6181677
 412308 words of memory out of 5000000
 17813 multiletter control sequences out of 15000+600000
 27500 words of font info for 72 fonts, out of 8000000 for 9000
 14 hyphenation exceptions out of 8191
 56i,18n,71p,2197b,1789s stack positions out of 5000i,500n,10000p,200000b,80000s
{/usr/share/texlive/texmf-dist/fonts/enc/dvips/base/8r.enc}</us
r/share/texlive/texmf-dist/fonts/type1/public/amsfonts/cm/cmbx10.pfb></usr/shar
e/texlive/texmf-dist/fonts/type1/public/amsfonts/cm/cmbx12.pfb></usr/share/texl
ive/texmf-dist/fonts/type1/public/amsfonts/cm/cmbx8.pfb></usr/share/texlive/tex
mf-dist/fonts/type1/public/amsfonts/cm/cmex10.pfb></usr/share/texlive/texmf-dis
t/fonts/type1/public/amsfonts/cm/cmmi12.pfb></usr/share/texlive/texmf-dist/font
s/type1/public/amsfonts/cm/cmmi6.pfb></usr/share/texlive/texmf-dist/fonts/type1
/public/amsfonts/cm/cmmi8.pfb></usr/share/texlive/texmf-dist/fonts/type1/public
/amsfonts/cm/cmr12.pfb></usr/share/texlive/texmf-dist/fonts/type1/public/amsfon
ts/cm/cmr8.pfb></usr/share/texlive/texmf-dist/fonts/type1/public/amsfonts/cm/cm
sy10.pfb></usr/share/texlive/texmf-dist/fonts/type1/public/amsfonts/cm/cmsy6.pf
b></usr/share/texlive/texmf-dist/fonts/type1/public/amsfonts/cm/cmsy8.pfb></usr
/share/texlive/texmf-dist/fonts/type1/urw/palatino/uplb8a.pfb></usr/share/texli
ve/texmf-dist/fonts/type1/urw/palatino/uplr8a.pfb></usr/share/texlive/texmf-dis
t/fonts/type1/urw/palatino/uplr8a.pfb></usr/share/texlive/texmf-dist/fonts/type
1/urw/palatino/uplri8a.pfb>
Output written on Final.pdf (63 pages, 4186762 bytes).
PDF statistics:
 308 PDF objects out of 1000 (max. 8388607)
 194 compressed objects within 2 object streams
 0 named destinations out of 1000 (max. 500000)
 158 words of extra memory for PDF output out of 10000 (max. 10000000)

