This is pdfTeX, Version 3.1415926-2.3-1.40.12 (MiKTeX 2.9) (preloaded format=pdflatex 2012.11.15)  14 FEB 2015 00:23
entering extended mode
**C:/Users/renme_000/Google*Drive/Academics/2015F/ESC499/Interim/Interim.tex
("C:/Users/renme_000/Google Drive/Academics/2015F/ESC499/Interim/Interim.tex"
LaTeX2e <2011/06/27>
Babel <v3.8m> and hyphenation patterns for english, afrikaans, ancientgreek, ar
abic, armenian, assamese, basque, bengali, bokmal, bulgarian, catalan, coptic, 
croatian, czech, danish, dutch, esperanto, estonian, farsi, finnish, french, ga
lician, german, german-x-2009-06-19, greek, gujarati, hindi, hungarian, iceland
ic, indonesian, interlingua, irish, italian, kannada, kurmanji, lao, latin, lat
vian, lithuanian, malayalam, marathi, mongolian, mongolianlmc, monogreek, ngerm
an, ngerman-x-2009-06-19, nynorsk, oriya, panjabi, pinyin, polish, portuguese, 
romanian, russian, sanskrit, serbian, slovak, slovenian, spanish, swedish, swis
sgerman, tamil, telugu, turkish, turkmen, ukenglish, ukrainian, uppersorbian, u
senglishmax, welsh, loaded.
(C:\LyTeX\MiKTeX\texmf\tex\latex\base\book.cls
Document Class: book 2007/10/19 v1.4h Standard LaTeX document class
(C:\LyTeX\MiKTeX\texmf\tex\latex\base\bk12.clo
File: bk12.clo 2007/10/19 v1.4h Standard LaTeX file (size option)
)
\c@part=\count79
\c@chapter=\count80
\c@section=\count81
\c@subsection=\count82
\c@subsubsection=\count83
\c@paragraph=\count84
\c@subparagraph=\count85
\c@figure=\count86
\c@table=\count87
\abovecaptionskip=\skip41
\belowcaptionskip=\skip42
\bibindent=\dimen102
)
(C:\LyTeX\MiKTeX\texmf\tex\latex\ams\math\amsmath.sty
Package: amsmath 2000/07/18 v2.13 AMS math features
\@mathmargin=\skip43

For additional information on amsmath, use the `?' option.
(C:\LyTeX\MiKTeX\texmf\tex\latex\ams\math\amstext.sty
Package: amstext 2000/06/29 v2.01

(C:\LyTeX\MiKTeX\texmf\tex\latex\ams\math\amsgen.sty
File: amsgen.sty 1999/11/30 v2.0
\@emptytoks=\toks14
\ex@=\dimen103
))
(C:\LyTeX\MiKTeX\texmf\tex\latex\ams\math\amsbsy.sty
Package: amsbsy 1999/11/29 v1.2d
\pmbraise@=\dimen104
)
(C:\LyTeX\MiKTeX\texmf\tex\latex\ams\math\amsopn.sty
Package: amsopn 1999/12/14 v2.01 operator names
)
\inf@bad=\count88
LaTeX Info: Redefining \frac on input line 211.
\uproot@=\count89
\leftroot@=\count90
LaTeX Info: Redefining \overline on input line 307.
\classnum@=\count91
\DOTSCASE@=\count92
LaTeX Info: Redefining \ldots on input line 379.
LaTeX Info: Redefining \dots on input line 382.
LaTeX Info: Redefining \cdots on input line 467.
\Mathstrutbox@=\box26
\strutbox@=\box27
\big@size=\dimen105
LaTeX Font Info:    Redeclaring font encoding OML on input line 567.
LaTeX Font Info:    Redeclaring font encoding OMS on input line 568.
\macc@depth=\count93
\c@MaxMatrixCols=\count94
\dotsspace@=\muskip10
\c@parentequation=\count95
\dspbrk@lvl=\count96
\tag@help=\toks15
\row@=\count97
\column@=\count98
\maxfields@=\count99
\andhelp@=\toks16
\eqnshift@=\dimen106
\alignsep@=\dimen107
\tagshift@=\dimen108
\tagwidth@=\dimen109
\totwidth@=\dimen110
\lineht@=\dimen111
\@envbody=\toks17
\multlinegap=\skip44
\multlinetaggap=\skip45
\mathdisplay@stack=\toks18
LaTeX Info: Redefining \[ on input line 2666.
LaTeX Info: Redefining \] on input line 2667.
)
(C:\LyTeX\MiKTeX\texmf\tex\latex\ams\classes\amsthm.sty
Package: amsthm 2004/08/06 v2.20
\thm@style=\toks19
\thm@bodyfont=\toks20
\thm@headfont=\toks21
\thm@notefont=\toks22
\thm@headpunct=\toks23
\thm@preskip=\skip46
\thm@postskip=\skip47
\thm@headsep=\skip48
\dth@everypar=\toks24
)
(C:\LyTeX\MiKTeX\texmf\tex\latex\ams\math\amscd.sty
Package: amscd 1999/11/29 v2.0
\athelp@=\toks25
\minaw@=\dimen112
\bigaw@=\dimen113
\minCDarrowwidth=\dimen114
)
(C:\LyTeX\MiKTeX\texmf\tex\latex\pgf\frontendlayer\tikz.sty
(C:\LyTeX\MiKTeX\texmf\tex\latex\pgf\basiclayer\pgf.sty
(C:\LyTeX\MiKTeX\texmf\tex\latex\pgf\utilities\pgfrcs.sty
(C:\LyTeX\MiKTeX\texmf\tex\generic\pgf\utilities\pgfutil-common.tex
\pgfutil@everybye=\toks26
)
(C:\LyTeX\MiKTeX\texmf\tex\generic\pgf\utilities\pgfutil-latex.def
\pgfutil@abb=\box28

(C:\LyTeX\MiKTeX\texmf\tex\latex\ms\everyshi.sty
Package: everyshi 2001/05/15 v3.00 EveryShipout Package (MS)
))
(C:\LyTeX\MiKTeX\texmf\tex\generic\pgf\utilities\pgfrcs.code.tex
Package: pgfrcs 2010/10/25 v2.10 (rcs-revision 1.24)
))
Package: pgf 2008/01/15 v2.10 (rcs-revision 1.12)

(C:\LyTeX\MiKTeX\texmf\tex\latex\pgf\basiclayer\pgfcore.sty
(C:\LyTeX\MiKTeX\texmf\tex\latex\graphics\graphicx.sty
Package: graphicx 1999/02/16 v1.0f Enhanced LaTeX Graphics (DPC,SPQR)

(C:\LyTeX\MiKTeX\texmf\tex\latex\graphics\keyval.sty
Package: keyval 1999/03/16 v1.13 key=value parser (DPC)
\KV@toks@=\toks27
)
(C:\LyTeX\MiKTeX\texmf\tex\latex\graphics\graphics.sty
Package: graphics 2009/02/05 v1.0o Standard LaTeX Graphics (DPC,SPQR)

(C:\LyTeX\MiKTeX\texmf\tex\latex\graphics\trig.sty
Package: trig 1999/03/16 v1.09 sin cos tan (DPC)
)
(C:\LyTeX\MiKTeX\texmf\tex\latex\00miktex\graphics.cfg
File: graphics.cfg 2007/01/18 v1.5 graphics configuration of teTeX/TeXLive
)
Package graphics Info: Driver file: pdftex.def on input line 91.

(C:\LyTeX\MiKTeX\texmf\tex\latex\pdftex-def\pdftex.def
File: pdftex.def 2011/05/27 v0.06d Graphics/color for pdfTeX

(C:\LyTeX\MiKTeX\texmf\tex\generic\oberdiek\infwarerr.sty
Package: infwarerr 2010/04/08 v1.3 Providing info/warning/message (HO)
)
(C:\LyTeX\MiKTeX\texmf\tex\generic\oberdiek\ltxcmds.sty
Package: ltxcmds 2011/04/18 v1.20 LaTeX kernel commands for general use (HO)
)
\Gread@gobject=\count100
))
\Gin@req@height=\dimen115
\Gin@req@width=\dimen116
)
(C:\LyTeX\MiKTeX\texmf\tex\latex\pgf\systemlayer\pgfsys.sty
(C:\LyTeX\MiKTeX\texmf\tex\generic\pgf\systemlayer\pgfsys.code.tex
Package: pgfsys 2010/06/30 v2.10 (rcs-revision 1.37)

(C:\LyTeX\MiKTeX\texmf\tex\generic\pgf\utilities\pgfkeys.code.tex
\pgfkeys@pathtoks=\toks28
\pgfkeys@temptoks=\toks29

(C:\LyTeX\MiKTeX\texmf\tex\generic\pgf\utilities\pgfkeysfiltered.code.tex
\pgfkeys@tmptoks=\toks30
))
\pgf@x=\dimen117
\pgf@y=\dimen118
\pgf@xa=\dimen119
\pgf@ya=\dimen120
\pgf@xb=\dimen121
\pgf@yb=\dimen122
\pgf@xc=\dimen123
\pgf@yc=\dimen124
\w@pgf@writea=\write3
\r@pgf@reada=\read1
\c@pgf@counta=\count101
\c@pgf@countb=\count102
\c@pgf@countc=\count103
\c@pgf@countd=\count104

(C:\LyTeX\MiKTeX\texmf\tex\generic\pgf\systemlayer\pgf.cfg
File: pgf.cfg 2008/05/14  (rcs-revision 1.7)
)
Package pgfsys Info: Driver file for pgf: pgfsys-pdftex.def on input line 900.

(C:\LyTeX\MiKTeX\texmf\tex\generic\pgf\systemlayer\pgfsys-pdftex.def
File: pgfsys-pdftex.def 2009/05/22  (rcs-revision 1.26)

(C:\LyTeX\MiKTeX\texmf\tex\generic\pgf\systemlayer\pgfsys-common-pdf.def
File: pgfsys-common-pdf.def 2008/05/19  (rcs-revision 1.10)
)))
(C:\LyTeX\MiKTeX\texmf\tex\generic\pgf\systemlayer\pgfsyssoftpath.code.tex
File: pgfsyssoftpath.code.tex 2008/07/18  (rcs-revision 1.7)
\pgfsyssoftpath@smallbuffer@items=\count105
\pgfsyssoftpath@bigbuffer@items=\count106
)
(C:\LyTeX\MiKTeX\texmf\tex\generic\pgf\systemlayer\pgfsysprotocol.code.tex
File: pgfsysprotocol.code.tex 2006/10/16  (rcs-revision 1.4)
))
(C:\LyTeX\MiKTeX\texmf\tex\latex\xcolor\xcolor.sty
Package: xcolor 2007/01/21 v2.11 LaTeX color extensions (UK)

(C:\LyTeX\MiKTeX\texmf\tex\latex\00miktex\color.cfg
File: color.cfg 2007/01/18 v1.5 color configuration of teTeX/TeXLive
)
Package xcolor Info: Driver file: pdftex.def on input line 225.
Package xcolor Info: Model `cmy' substituted by `cmy0' on input line 1337.
Package xcolor Info: Model `hsb' substituted by `rgb' on input line 1341.
Package xcolor Info: Model `RGB' extended on input line 1353.
Package xcolor Info: Model `HTML' substituted by `rgb' on input line 1355.
Package xcolor Info: Model `Hsb' substituted by `hsb' on input line 1356.
Package xcolor Info: Model `tHsb' substituted by `hsb' on input line 1357.
Package xcolor Info: Model `HSB' substituted by `hsb' on input line 1358.
Package xcolor Info: Model `Gray' substituted by `gray' on input line 1359.
Package xcolor Info: Model `wave' substituted by `hsb' on input line 1360.
)
(C:\LyTeX\MiKTeX\texmf\tex\generic\pgf\basiclayer\pgfcore.code.tex
Package: pgfcore 2010/04/11 v2.10 (rcs-revision 1.7)

(C:\LyTeX\MiKTeX\texmf\tex\generic\pgf\math\pgfmath.code.tex
(C:\LyTeX\MiKTeX\texmf\tex\generic\pgf\math\pgfmathcalc.code.tex
(C:\LyTeX\MiKTeX\texmf\tex\generic\pgf\math\pgfmathutil.code.tex)
(C:\LyTeX\MiKTeX\texmf\tex\generic\pgf\math\pgfmathparser.code.tex
\pgfmath@dimen=\dimen125
\pgfmath@count=\count107
\pgfmath@box=\box29
\pgfmath@toks=\toks31
\pgfmath@stack@operand=\toks32
\pgfmath@stack@operation=\toks33
)
(C:\LyTeX\MiKTeX\texmf\tex\generic\pgf\math\pgfmathfunctions.code.tex
(C:\LyTeX\MiKTeX\texmf\tex\generic\pgf\math\pgfmathfunctions.basic.code.tex)
(C:\LyTeX\MiKTeX\texmf\tex\generic\pgf\math\pgfmathfunctions.trigonometric.code
.tex)
(C:\LyTeX\MiKTeX\texmf\tex\generic\pgf\math\pgfmathfunctions.random.code.tex)
(C:\LyTeX\MiKTeX\texmf\tex\generic\pgf\math\pgfmathfunctions.comparison.code.te
x) (C:\LyTeX\MiKTeX\texmf\tex\generic\pgf\math\pgfmathfunctions.base.code.tex)
(C:\LyTeX\MiKTeX\texmf\tex\generic\pgf\math\pgfmathfunctions.round.code.tex)
(C:\LyTeX\MiKTeX\texmf\tex\generic\pgf\math\pgfmathfunctions.misc.code.tex)))
(C:\LyTeX\MiKTeX\texmf\tex\generic\pgf\math\pgfmathfloat.code.tex
\c@pgfmathroundto@lastzeros=\count108
))
(C:\LyTeX\MiKTeX\texmf\tex\generic\pgf\basiclayer\pgfcorepoints.code.tex
File: pgfcorepoints.code.tex 2010/04/09  (rcs-revision 1.20)
\pgf@picminx=\dimen126
\pgf@picmaxx=\dimen127
\pgf@picminy=\dimen128
\pgf@picmaxy=\dimen129
\pgf@pathminx=\dimen130
\pgf@pathmaxx=\dimen131
\pgf@pathminy=\dimen132
\pgf@pathmaxy=\dimen133
\pgf@xx=\dimen134
\pgf@xy=\dimen135
\pgf@yx=\dimen136
\pgf@yy=\dimen137
\pgf@zx=\dimen138
\pgf@zy=\dimen139
)
(C:\LyTeX\MiKTeX\texmf\tex\generic\pgf\basiclayer\pgfcorepathconstruct.code.tex
File: pgfcorepathconstruct.code.tex 2010/08/03  (rcs-revision 1.24)
\pgf@path@lastx=\dimen140
\pgf@path@lasty=\dimen141
) (C:\LyTeX\MiKTeX\texmf\tex\generic\pgf\basiclayer\pgfcorepathusage.code.tex
File: pgfcorepathusage.code.tex 2008/04/22  (rcs-revision 1.12)
\pgf@shorten@end@additional=\dimen142
\pgf@shorten@start@additional=\dimen143
)
(C:\LyTeX\MiKTeX\texmf\tex\generic\pgf\basiclayer\pgfcorescopes.code.tex
File: pgfcorescopes.code.tex 2010/09/08  (rcs-revision 1.34)
\pgfpic=\box30
\pgf@hbox=\box31
\pgf@layerbox@main=\box32
\pgf@picture@serial@count=\count109
)
(C:\LyTeX\MiKTeX\texmf\tex\generic\pgf\basiclayer\pgfcoregraphicstate.code.tex
File: pgfcoregraphicstate.code.tex 2008/04/22  (rcs-revision 1.9)
\pgflinewidth=\dimen144
)
(C:\LyTeX\MiKTeX\texmf\tex\generic\pgf\basiclayer\pgfcoretransformations.code.t
ex
File: pgfcoretransformations.code.tex 2009/06/10  (rcs-revision 1.11)
\pgf@pt@x=\dimen145
\pgf@pt@y=\dimen146
\pgf@pt@temp=\dimen147
) (C:\LyTeX\MiKTeX\texmf\tex\generic\pgf\basiclayer\pgfcorequick.code.tex
File: pgfcorequick.code.tex 2008/10/09  (rcs-revision 1.3)
)
(C:\LyTeX\MiKTeX\texmf\tex\generic\pgf\basiclayer\pgfcoreobjects.code.tex
File: pgfcoreobjects.code.tex 2006/10/11  (rcs-revision 1.2)
)
(C:\LyTeX\MiKTeX\texmf\tex\generic\pgf\basiclayer\pgfcorepathprocessing.code.te
x
File: pgfcorepathprocessing.code.tex 2008/10/09  (rcs-revision 1.8)
) (C:\LyTeX\MiKTeX\texmf\tex\generic\pgf\basiclayer\pgfcorearrows.code.tex
File: pgfcorearrows.code.tex 2008/04/23  (rcs-revision 1.11)
)
(C:\LyTeX\MiKTeX\texmf\tex\generic\pgf\basiclayer\pgfcoreshade.code.tex
File: pgfcoreshade.code.tex 2008/11/23  (rcs-revision 1.13)
\pgf@max=\dimen148
\pgf@sys@shading@range@num=\count110
)
(C:\LyTeX\MiKTeX\texmf\tex\generic\pgf\basiclayer\pgfcoreimage.code.tex
File: pgfcoreimage.code.tex 2010/03/25  (rcs-revision 1.16)

(C:\LyTeX\MiKTeX\texmf\tex\generic\pgf\basiclayer\pgfcoreexternal.code.tex
File: pgfcoreexternal.code.tex 2010/09/01  (rcs-revision 1.17)
\pgfexternal@startupbox=\box33
))
(C:\LyTeX\MiKTeX\texmf\tex\generic\pgf\basiclayer\pgfcorelayers.code.tex
File: pgfcorelayers.code.tex 2010/08/27  (rcs-revision 1.2)
)
(C:\LyTeX\MiKTeX\texmf\tex\generic\pgf\basiclayer\pgfcoretransparency.code.tex
File: pgfcoretransparency.code.tex 2008/01/17  (rcs-revision 1.2)
) (C:\LyTeX\MiKTeX\texmf\tex\generic\pgf\basiclayer\pgfcorepatterns.code.tex
File: pgfcorepatterns.code.tex 2009/07/02  (rcs-revision 1.3)
)))
(C:\LyTeX\MiKTeX\texmf\tex\generic\pgf\modules\pgfmoduleshapes.code.tex
File: pgfmoduleshapes.code.tex 2010/09/09  (rcs-revision 1.13)
\pgfnodeparttextbox=\box34
)
(C:\LyTeX\MiKTeX\texmf\tex\generic\pgf\modules\pgfmoduleplot.code.tex
File: pgfmoduleplot.code.tex 2010/10/22  (rcs-revision 1.8)
)
(C:\LyTeX\MiKTeX\texmf\tex\latex\pgf\compatibility\pgfcomp-version-0-65.sty
Package: pgfcomp-version-0-65 2007/07/03 v2.10 (rcs-revision 1.7)
\pgf@nodesepstart=\dimen149
\pgf@nodesepend=\dimen150
)
(C:\LyTeX\MiKTeX\texmf\tex\latex\pgf\compatibility\pgfcomp-version-1-18.sty
Package: pgfcomp-version-1-18 2007/07/23 v2.10 (rcs-revision 1.1)
))
(C:\LyTeX\MiKTeX\texmf\tex\latex\pgf\utilities\pgffor.sty
(C:\LyTeX\MiKTeX\texmf\tex\latex\pgf\utilities\pgfkeys.sty
(C:\LyTeX\MiKTeX\texmf\tex\generic\pgf\utilities\pgfkeys.code.tex))
(C:\LyTeX\MiKTeX\texmf\tex\generic\pgf\utilities\pgffor.code.tex
Package: pgffor 2010/03/23 v2.10 (rcs-revision 1.18)
\pgffor@iter=\dimen151
\pgffor@skip=\dimen152
\pgffor@stack=\toks34
\pgffor@toks=\toks35
))
(C:\LyTeX\MiKTeX\texmf\tex\generic\pgf\frontendlayer\tikz\tikz.code.tex
Package: tikz 2010/10/13 v2.10 (rcs-revision 1.76)

(C:\LyTeX\MiKTeX\texmf\tex\generic\pgf\libraries\pgflibraryplothandlers.code.te
x
File: pgflibraryplothandlers.code.tex 2010/05/31 v2.10 (rcs-revision 1.15)
\pgf@plot@mark@count=\count111
\pgfplotmarksize=\dimen153
)
\tikz@lastx=\dimen154
\tikz@lasty=\dimen155
\tikz@lastxsaved=\dimen156
\tikz@lastysaved=\dimen157
\tikzleveldistance=\dimen158
\tikzsiblingdistance=\dimen159
\tikz@figbox=\box35
\tikz@tempbox=\box36
\tikztreelevel=\count112
\tikznumberofchildren=\count113
\tikznumberofcurrentchild=\count114
\tikz@fig@count=\count115
 (C:\LyTeX\MiKTeX\texmf\tex\generic\pgf\modules\pgfmodulematrix.code.tex
File: pgfmodulematrix.code.tex 2010/08/24  (rcs-revision 1.4)
\pgfmatrixcurrentrow=\count116
\pgfmatrixcurrentcolumn=\count117
\pgf@matrix@numberofcolumns=\count118
)
\tikz@expandcount=\count119

(C:\LyTeX\MiKTeX\texmf\tex\generic\pgf\frontendlayer\tikz\libraries\tikzlibrary
topaths.code.tex
File: tikzlibrarytopaths.code.tex 2008/06/17 v2.10 (rcs-revision 1.2)
)))
(C:\LyTeX\MiKTeX\texmf\tex\generic\pgf\frontendlayer\tikz\libraries\tikzlibrary
matrix.code.tex
File: tikzlibrarymatrix.code.tex 2008/06/18 v2.10 (rcs-revision 1.2)
)
(C:\LyTeX\MiKTeX\texmf\tex\generic\pgf\frontendlayer\tikz\libraries\tikzlibrary
chains.code.tex
File: tikzlibrarychains.code.tex 2008/02/27 v2.10 (rcs-revision 1.5)

(C:\LyTeX\MiKTeX\texmf\tex\generic\pgf\frontendlayer\tikz\libraries\tikzlibrary
positioning.code.tex
File: tikzlibrarypositioning.code.tex 2008/10/06 v2.10 (rcs-revision 1.7)
))
(C:\LyTeX\MiKTeX\texmf\tex\generic\pgf\frontendlayer\tikz\libraries\tikzlibrary
decorations.pathreplacing.code.tex
(C:\LyTeX\MiKTeX\texmf\tex\generic\pgf\frontendlayer\tikz\libraries\tikzlibrary
decorations.code.tex
(C:\LyTeX\MiKTeX\texmf\tex\generic\pgf\modules\pgfmoduledecorations.code.tex
\pgfdecoratedcompleteddistance=\dimen160
\pgfdecoratedremainingdistance=\dimen161
\pgfdecoratedinputsegmentcompleteddistance=\dimen162
\pgfdecoratedinputsegmentremainingdistance=\dimen163
\pgf@decorate@distancetomove=\dimen164
\pgf@decorate@repeatstate=\count120
\pgfdecorationsegmentamplitude=\dimen165
\pgfdecorationsegmentlength=\dimen166
)
\tikz@lib@dec@box=\box37
)
(C:\LyTeX\MiKTeX\texmf\tex\generic\pgf\libraries\decorations\pgflibrarydecorati
ons.pathreplacing.code.tex))
(C:\LyTeX\MiKTeX\texmf\tex\generic\pgf\frontendlayer\tikz\libraries\tikzlibrary
arrows.code.tex
File: tikzlibraryarrows.code.tex 2008/01/09 v2.10 (rcs-revision 1.1)

(C:\LyTeX\MiKTeX\texmf\tex\generic\pgf\libraries\pgflibraryarrows.code.tex
File: pgflibraryarrows.code.tex 2008/10/27 v2.10 (rcs-revision 1.9)
\arrowsize=\dimen167
))
(C:\LyTeX\MiKTeX\texmf\tex\latex\algorithmicx\algorithmicx.sty
Package: algorithmicx 2005/04/27 v1.2 Algorithmicx

(C:\LyTeX\MiKTeX\texmf\tex\latex\base\ifthen.sty
Package: ifthen 2001/05/26 v1.1c Standard LaTeX ifthen package (DPC)
)
Document Style algorithmicx 1.2 - a greatly improved `algorithmic' style
\c@ALG@line=\count121
\c@ALG@rem=\count122
\c@ALG@nested=\count123
\ALG@tlm=\skip49
\ALG@thistlm=\skip50
\c@ALG@Lnr=\count124
\c@ALG@blocknr=\count125
\c@ALG@storecount=\count126
\c@ALG@tmpcounter=\count127
\ALG@tmplength=\skip51
) (C:\LyTeX\MiKTeX\texmf\tex\latex\algorithmicx\algpseudocode.sty
Package: algpseudocode 

Document Style - pseudocode environments for use with the `algorithmicx' style
) (C:\LyTeX\MiKTeX\texmf\tex\latex\algorithms\algorithm.sty
Package: algorithm 2009/08/24 v0.1 Document Style `algorithm' - floating enviro
nment

(C:\LyTeX\MiKTeX\texmf\tex\latex\float\float.sty
Package: float 2001/11/08 v1.3d Float enhancements (AL)
\c@float@type=\count128
\float@exts=\toks36
\float@box=\box38
\@float@everytoks=\toks37
\@floatcapt=\box39
)
\@float@every@algorithm=\toks38
\c@algorithm=\count129
)
(C:\LyTeX\MiKTeX\texmf\tex\latex\caption\caption.sty
Package: caption 2011/11/10 v3.2e Customizing captions (AR)

(C:\LyTeX\MiKTeX\texmf\tex\latex\caption\caption3.sty
Package: caption3 2011/11/01 v1.4a caption3 kernel (AR)
\captionmargin=\dimen168
\captionmargin@=\dimen169
\captionwidth=\dimen170
\caption@indent=\dimen171
\caption@parindent=\dimen172
\caption@hangindent=\dimen173
)
\c@ContinuedFloat=\count130
Package caption Info: float package is loaded.
)
(C:\LyTeX\MiKTeX\texmf\tex\latex\caption\subcaption.sty
Package: subcaption 2011/10/30 v1.1c Sub-captions (AR)
\c@subfigure=\count131
\c@subtable=\count132
)
(C:\LyTeX\MiKTeX\texmf\tex\latex\geometry\geometry.sty
Package: geometry 2010/09/12 v5.6 Page Geometry

(C:\LyTeX\MiKTeX\texmf\tex\generic\oberdiek\ifpdf.sty
Package: ifpdf 2011/01/30 v2.3 Provides the ifpdf switch (HO)
Package ifpdf Info: pdfTeX in PDF mode is detected.
)
(C:\LyTeX\MiKTeX\texmf\tex\generic\oberdiek\ifvtex.sty
Package: ifvtex 2010/03/01 v1.5 Switches for detecting VTeX and its modes (HO)
Package ifvtex Info: VTeX not detected.
)
(C:\LyTeX\MiKTeX\texmf\tex\generic\ifxetex\ifxetex.sty
Package: ifxetex 2010/09/12 v0.6 Provides ifxetex conditional
)
\Gm@cnth=\count133
\Gm@cntv=\count134
\c@Gm@tempcnt=\count135
\Gm@bindingoffset=\dimen174
\Gm@wd@mp=\dimen175
\Gm@odd@mp=\dimen176
\Gm@even@mp=\dimen177
\Gm@layoutwidth=\dimen178
\Gm@layoutheight=\dimen179
\Gm@layouthoffset=\dimen180
\Gm@layoutvoffset=\dimen181
\Gm@dimlist=\toks39

(C:\LyTeX\MiKTeX\texmf\tex\latex\geometry\geometry.cfg))
(C:\LyTeX\MiKTeX\texmf\tex\latex\ltxmisc\parskip.sty
Package: parskip 2001/04/09 non-zero parskip adjustments
)
(C:\LyTeX\MiKTeX\texmf\tex\latex\lastpage\lastpage.sty
Package: lastpage 2011/09/01 v1.2k Refers to last page's name (HMM; JPG)
)
(C:\LyTeX\MiKTeX\texmf\tex\latex\setspace\setspace.sty
Package: setspace 2000/12/01 6.7 Contributed and Supported LaTeX2e package

Package: `setspace' 6.7 <2000/12/01>
) (C:\LyTeX\MiKTeX\texmf\tex\latex\psnfss\times.sty
Package: times 2005/04/12 PSNFSS-v9.2a (SPQR) 
)

LaTeX Warning: Unused global option(s):
    [lettersize].

("C:\Users\renme_000\Google Drive\Academics\2015F\ESC499\Interim\Interim.aux")
LaTeX Font Info:    Checking defaults for OML/cmm/m/it on input line 36.
LaTeX Font Info:    ... okay on input line 36.
LaTeX Font Info:    Checking defaults for T1/cmr/m/n on input line 36.
LaTeX Font Info:    ... okay on input line 36.
LaTeX Font Info:    Checking defaults for OT1/cmr/m/n on input line 36.
LaTeX Font Info:    ... okay on input line 36.
LaTeX Font Info:    Checking defaults for OMS/cmsy/m/n on input line 36.
LaTeX Font Info:    ... okay on input line 36.
LaTeX Font Info:    Checking defaults for OMX/cmex/m/n on input line 36.
LaTeX Font Info:    ... okay on input line 36.
LaTeX Font Info:    Checking defaults for U/cmr/m/n on input line 36.
LaTeX Font Info:    ... okay on input line 36.
LaTeX Font Info:    Try loading font information for OT1+ptm on input line 36.

(C:\LyTeX\MiKTeX\texmf\tex\latex\psnfss\ot1ptm.fd
File: ot1ptm.fd 2001/06/04 font definitions for OT1/ptm.
)
ABD: EveryShipout initializing macros
(C:\LyTeX\MiKTeX\texmf\tex\context\base\supp-pdf.mkii
[Loading MPS to PDF converter (version 2006.09.02).]
\scratchcounter=\count136
\scratchdimen=\dimen182
\scratchbox=\box40
\nofMPsegments=\count137
\nofMParguments=\count138
\everyMPshowfont=\toks40
\MPscratchCnt=\count139
\MPscratchDim=\dimen183
\MPnumerator=\count140
\makeMPintoPDFobject=\count141
\everyMPtoPDFconversion=\toks41
)
Package caption Info: Begin \AtBeginDocument code.
Package caption Info: End \AtBeginDocument code.

*geometry* driver: auto-detecting
*geometry* detected driver: pdftex
*geometry* verbose mode - [ preamble ] result:
* driver: pdftex
* paper: <default>
* layout: <same size as paper>
* layoutoffset:(h,v)=(0.0pt,0.0pt)
* modes: twoside 
* h-part:(L,W,R)=(56.9055pt, 500.484pt, 56.9055pt)
* v-part:(T,H,B)=(56.9055pt, 681.15898pt, 56.9055pt)
* \paperwidth=614.295pt
* \paperheight=794.96999pt
* \textwidth=500.484pt
* \textheight=681.15898pt
* \oddsidemargin=-15.36449pt
* \evensidemargin=-15.36449pt
* \topmargin=-47.23828pt
* \headheight=12.0pt
* \headsep=19.8738pt
* \topskip=12.0pt
* \footskip=30.0pt
* \marginparwidth=98.0pt
* \marginparsep=7.0pt
* \columnsep=10.0pt
* \skip\footins=10.8pt plus 4.0pt minus 2.0pt
* \hoffset=0.0pt
* \voffset=0.0pt
* \mag=1000
* \@twocolumnfalse
* \@twosidetrue
* \@mparswitchtrue
* \@reversemarginfalse
* (1in=72.27pt=25.4mm, 1cm=28.453pt)

Package lastpage Info: Please have a look at the pageslts package at
(lastpage)             http://www.ctan.org/tex-archive/ 
(lastpage)             macros/latex/contrib/pageslts/ 
(lastpage)             or
(lastpage)             http://www.ctan.org/tex-archive/ 
(lastpage)             install/macros/latex/contrib/pageslts.tds.zip
(lastpage)             ! on input line 36.
("C:\Users\renme_000\Google Drive\Academics\2015F\ESC499\Interim\Title.tex"
LaTeX Font Info:    Font shape `OT1/ptm/bx/n' in size <24.88> not available
(Font)              Font shape `OT1/ptm/b/n' tried instead on input line 6.

[1


{C:/LyTeX/MiKTeX/texmf-local/fonts/map/pdftex/pdftex.map{UGBK.sfd}{Unicode.sfd}
}])
("C:\Users\renme_000\Google Drive\Academics\2015F\ESC499\Interim\Interim.toc"
LaTeX Font Info:    Font shape `OT1/ptm/bx/n' in size <12> not available
(Font)              Font shape `OT1/ptm/b/n' tried instead on input line 1.

Underfull \vbox (badness 1057) has occurred while \output is active []

 [1

])
\tf@toc=\write4

[2] ("C:\Users\renme_000\Google Drive\Academics\2015F\ESC499\Interim\Interim.lo
t")
\tf@lot=\write5
 [3

] [4

]
("C:\Users\renme_000\Google Drive\Academics\2015F\ESC499\Interim\Interim.lof")
\tf@lof=\write6

("C:\Users\renme_000\Google Drive\Academics\2015F\ESC499\Interim\Introduction.t
ex" [5] [6

]
Chapter 1.
Missing character: There is no ‚ in font ptmr7t!
Missing character: There is no Ä in font ptmr7t!
Missing character: There is no ô in font ptmr7t!

Underfull \vbox (badness 10000) has occurred while \output is active []

 [1]
LaTeX Font Info:    Font shape `OT1/ptm/bx/n' in size <17.28> not available
(Font)              Font shape `OT1/ptm/b/n' tried instead on input line 18.
)
("C:\Users\renme_000\Google Drive\Academics\2015F\ESC499\Interim\Background.tex
" [2]
Chapter 2.
("C:\Users\renme_000\Google Drive\Academics\2015F\ESC499\Interim\neuron2.tex")
[3

] ("C:\Users\renme_000\Google Drive\Academics\2015F\ESC499\Interim\sigmoid.tex"
) ("C:\Users\renme_000\Google Drive\Academics\2015F\ESC499\Interim\nnet1.tex") 
[4]
Underfull \vbox (badness 5105) has occurred while \output is active []

 [5]
LaTeX Font Info:    Font shape `OT1/ptm/bx/n' in size <14.4> not available
(Font)              Font shape `OT1/ptm/b/n' tried instead on input line 83.

Underfull \vbox (badness 1490) has occurred while \output is active []

 [6]
[7] <cnn.png, id=62, 544.1931pt x 127.1952pt>
File: cnn.png Graphic file (type png)
 <use cnn.png>
Package pdftex.def Info: cnn.png used on input line 137.
(pdftex.def)             Requested size: 500.484pt x 116.9783pt.
Missing character: There is no ¬ in font ptmr7t!
Missing character: There is no ≠ in font ptmr7t!

("C:\Users\renme_000\Google Drive\Academics\2015F\ESC499\Interim\rnn.tex")
Underfull \vbox (badness 7433) has occurred while \output is active []

 [8 <C:/Users/renme_000/Google Drive/Academics/2015F/ESC499/Interim/cnn.png>]
("C:\Users\renme_000\Google Drive\Academics\2015F\ESC499\Interim\lstm.tex")
[9]
("C:\Users\renme_000\Google Drive\Academics\2015F\ESC499\Interim\bptt_unfold.te
x") [10] [11] [12]
Missing character: There is no ‚ in font ptmr7t!
Missing character: There is no Ä in font ptmr7t!
Missing character: There is no ú in font ptmr7t!
Missing character: There is no ‚ in font ptmr7t!
Missing character: There is no Ä in font ptmr7t!
Missing character: There is no ù in font ptmr7t!
Missing character: There is no ‚ in font ptmr7t!
Missing character: There is no Ä in font ptmr7t!
Missing character: There is no ú in font ptmr7t!
Missing character: There is no ‚ in font ptmr7t!
Missing character: There is no Ä in font ptmr7t!
Missing character: There is no ù in font ptmr7t!
 <red.jpg, id=82, 642.4pt x 481.8pt>
File: red.jpg Graphic file (type jpg)
 <use red.jpg>
Package pdftex.def Info: red.jpg used on input line 246.
(pdftex.def)             Requested size: 150.14671pt x 112.60547pt.

<black.jpg, id=83, 642.4pt x 481.8pt>
File: black.jpg Graphic file (type jpg)
 <use black.jpg>
Package pdftex.def Info: black.jpg used on input line 252.
(pdftex.def)             Requested size: 150.14671pt x 112.60547pt.

<blind.jpg, id=84, 642.4pt x 481.8pt>
File: blind.jpg Graphic file (type jpg)
 <use blind.jpg>
Package pdftex.def Info: blind.jpg used on input line 258.
(pdftex.def)             Requested size: 150.14671pt x 112.60547pt.

<sink.jpg, id=85, 642.4pt x 481.8pt>
File: sink.jpg Graphic file (type jpg)
 <use sink.jpg>
Package pdftex.def Info: sink.jpg used on input line 264.
(pdftex.def)             Requested size: 150.14671pt x 112.60547pt.

<brown.jpg, id=86, 642.4pt x 481.8pt>
File: brown.jpg Graphic file (type jpg)
 <use brown.jpg>
Package pdftex.def Info: brown.jpg used on input line 270.
(pdftex.def)             Requested size: 150.14671pt x 112.60547pt.

<paper.jpg, id=87, 642.4pt x 481.8pt>
File: paper.jpg Graphic file (type jpg)
 <use paper.jpg>
Package pdftex.def Info: paper.jpg used on input line 276.
(pdftex.def)             Requested size: 150.14671pt x 112.60547pt.
 [13] [14 <C:/Users/renme_000/Google Drive/Academics/2015F/ESC499/Interim/red.j
pg> <C:/Users/renme_000/Google Drive/Academics/2015F/ESC499/Interim/black.jpg> 
<C:/Users/renme_000/Google Drive/Academics/2015F/ESC499/Interim/blind.jpg> <C:/
Users/renme_000/Google Drive/Academics/2015F/ESC499/Interim/sink.jpg> <C:/Users
/renme_000/Google Drive/Academics/2015F/ESC499/Interim/brown.jpg> <C:/Users/ren
me_000/Google Drive/Academics/2015F/ESC499/Interim/paper.jpg>])
("C:\Users\renme_000\Google Drive\Academics\2015F\ESC499\Interim\Current.tex"
[15] [16

]
Chapter 3.
[17]
("C:\Users\renme_000\Google Drive\Academics\2015F\ESC499\Interim\lstm_sent.tex"
) [18]
("C:\Users\renme_000\Google Drive\Academics\2015F\ESC499\Interim\imgword.tex")
Underfull \vbox (badness 5970) has occurred while \output is active []

 [19]
<bed_vs_table.jpg, id=110, 642.4pt x 481.8pt>
File: bed_vs_table.jpg Graphic file (type jpg)
 <use bed_vs_table.jpg>
Package pdftex.def Info: bed_vs_table.jpg used on input line 82.
(pdftex.def)             Requested size: 150.14671pt x 112.60547pt.

<mirror_vs_window.jpg, id=111, 642.4pt x 481.8pt>
File: mirror_vs_window.jpg Graphic file (type jpg)
 <use mirror_vs_window.jpg>
Package pdftex.def Info: mirror_vs_window.jpg used on input line 91.
(pdftex.def)             Requested size: 150.14671pt x 112.60547pt.

<white_vs_white.jpg, id=112, 642.4pt x 481.8pt>
File: white_vs_white.jpg Graphic file (type jpg)
 <use white_vs_white.jpg>
Package pdftex.def Info: white_vs_white.jpg used on input line 100.
(pdftex.def)             Requested size: 150.14671pt x 112.60547pt.

Underfull \hbox (badness 3158) in paragraph at lines 105--105
\OT1/ptm/m/n/10.95 the dom-i-nant color with large
 []

<fridge_vs_toilet.jpg, id=113, 642.4pt x 481.8pt>
File: fridge_vs_toilet.jpg Graphic file (type jpg)
 <use fridge_vs_toilet.jpg>
Package pdftex.def Info: fridge_vs_toilet.jpg used on input line 109.
(pdftex.def)             Requested size: 150.14671pt x 112.60547pt.

<one_vs_two.jpg, id=114, 642.4pt x 481.8pt>
File: one_vs_two.jpg Graphic file (type jpg)
 <use one_vs_two.jpg>
Package pdftex.def Info: one_vs_two.jpg used on input line 118.
(pdftex.def)             Requested size: 150.14671pt x 112.60547pt.

Underfull \hbox (badness 1137) in paragraph at lines 123--123
[]\OT1/ptm/m/n/10.95 (e) |The vi-sual abil-ity also cre-
 []

<three_vs_three.jpg, id=115, 642.4pt x 481.8pt>
File: three_vs_three.jpg Graphic file (type jpg)
 <use three_vs_three.jpg>
Package pdftex.def Info: three_vs_three.jpg used on input line 127.
(pdftex.def)             Requested size: 150.14671pt x 112.60547pt.
)
("C:\Users\renme_000\Google Drive\Academics\2015F\ESC499\Interim\Future.tex"
[20] [21 <C:/Users/renme_000/Google Drive/Academics/2015F/ESC499/Interim/bed_vs
_table.jpg> <C:/Users/renme_000/Google Drive/Academics/2015F/ESC499/Interim/mir
ror_vs_window.jpg> <C:/Users/renme_000/Google Drive/Academics/2015F/ESC499/Inte
rim/white_vs_white.jpg> <C:/Users/renme_000/Google Drive/Academics/2015F/ESC499
/Interim/fridge_vs_toilet.jpg> <C:/Users/renme_000/Google Drive/Academics/2015F
/ESC499/Interim/one_vs_two.jpg> <C:/Users/renme_000/Google Drive/Academics/2015
F/ESC499/Interim/three_vs_three.jpg>] [22

]
Chapter 4.
[23])
("C:\Users\renme_000\Google Drive\Academics\2015F\ESC499\Interim\Summary.tex"
[24]
Chapter 5.
) ("C:\Users\renme_000\Google Drive\Academics\2015F\ESC499\Interim\Appendix.tex
" [25

] [26

]
Chapter 6.

Underfull \vbox (badness 10000) has occurred while \output is active []

 [27]
[28] [29])
("C:\Users\renme_000\Google Drive\Academics\2015F\ESC499\Interim\Interim.bbl"
Underfull \vbox (badness 10000) has occurred while \output is active []

 [30]
[31] [32

]
Underfull \vbox (badness 10000) has occurred while \output is active []

 [33]
Underfull \vbox (badness 10000) has occurred while \output is active []

 [34]
Underfull \vbox (badness 10000) has occurred while \output is active []

 [35])

AED: lastpage setting LastPage
[36]
("C:\Users\renme_000\Google Drive\Academics\2015F\ESC499\Interim\Interim.aux") 
)
(\end occurred inside a group at level 1)

### semi simple group (level 1) entered at line 35 (\begingroup)
### bottom level 
Here is how much of TeX's memory you used:
 14091 strings out of 494045
 266227 string characters out of 3150846
 314777 words of memory out of 3000000
 17027 multiletter control sequences out of 15000+200000
 30426 words of font info for 61 fonts, out of 3000000 for 9000
 715 hyphenation exceptions out of 8191
 56i,16n,71p,2194b,1435s stack positions out of 5000i,500n,10000p,200000b,50000s
{C:/LyTeX/MiKTeX/texmf/fonts/enc/dvips/fontname/8r.enc}<C:/LyTe
X/MiKTeX/texmf/fonts/type1/public/amsfonts/cm/cmbx12.pfb><C:/LyTeX/MiKTeX/texmf
/fonts/type1/public/amsfonts/cm/cmbx8.pfb><C:/LyTeX/MiKTeX/texmf/fonts/type1/pu
blic/amsfonts/cm/cmex10.pfb><C:/LyTeX/MiKTeX/texmf/fonts/type1/public/amsfonts/
cm/cmmi10.pfb><C:/LyTeX/MiKTeX/texmf/fonts/type1/public/amsfonts/cm/cmmi12.pfb>
<C:/LyTeX/MiKTeX/texmf/fonts/type1/public/amsfonts/cm/cmmi6.pfb><C:/LyTeX/MiKTe
X/texmf/fonts/type1/public/amsfonts/cm/cmmi8.pfb><C:/LyTeX/MiKTeX/texmf/fonts/t
ype1/public/amsfonts/cm/cmr12.pfb><C:/LyTeX/MiKTeX/texmf/fonts/type1/public/ams
fonts/cm/cmr8.pfb><C:/LyTeX/MiKTeX/texmf/fonts/type1/public/amsfonts/cm/cmsy10.
pfb><C:/LyTeX/MiKTeX/texmf/fonts/type1/public/amsfonts/cm/cmsy6.pfb><C:/LyTeX/M
iKTeX/texmf/fonts/type1/public/amsfonts/cm/cmsy8.pfb><C:/LyTeX/MiKTeX/texmf/fon
ts/type1/urw/times/utmb8a.pfb><C:/LyTeX/MiKTeX/texmf/fonts/type1/urw/times/utmr
8a.pfb><C:/LyTeX/MiKTeX/texmf/fonts/type1/urw/times/utmr8a.pfb><C:/LyTeX/MiKTeX
/texmf/fonts/type1/urw/times/utmri8a.pfb>
Output written on Interim.pdf (43 pages, 789694 bytes).
PDF statistics:
 225 PDF objects out of 1000 (max. 8388607)
 0 named destinations out of 1000 (max. 500000)
 78 words of extra memory for PDF output out of 10000 (max. 10000000)

